\BOOKMARK [0][-]{chapter.1}{\376\377\0001\000\040\000N\000a\000m\000e\000s\000p\000a\000c\000e\000\040\000I\000n\000d\000e\000x}{}% 1
\BOOKMARK [1][-]{section.1.1}{\376\377\0001\000.\0001\000\040\000P\000a\000c\000k\000a\000g\000e\000s}{chapter.1}% 2
\BOOKMARK [0][-]{chapter.2}{\376\377\0002\000\040\000H\000i\000e\000r\000a\000r\000c\000h\000i\000c\000a\000l\000\040\000I\000n\000d\000e\000x}{}% 3
\BOOKMARK [1][-]{section.2.1}{\376\377\0002\000.\0001\000\040\000C\000l\000a\000s\000s\000\040\000H\000i\000e\000r\000a\000r\000c\000h\000y}{chapter.2}% 4
\BOOKMARK [0][-]{chapter.3}{\376\377\0003\000\040\000C\000l\000a\000s\000s\000\040\000I\000n\000d\000e\000x}{}% 5
\BOOKMARK [1][-]{section.3.1}{\376\377\0003\000.\0001\000\040\000C\000l\000a\000s\000s\000\040\000L\000i\000s\000t}{chapter.3}% 6
\BOOKMARK [0][-]{chapter.4}{\376\377\0004\000\040\000F\000i\000l\000e\000\040\000I\000n\000d\000e\000x}{}% 7
\BOOKMARK [1][-]{section.4.1}{\376\377\0004\000.\0001\000\040\000F\000i\000l\000e\000\040\000L\000i\000s\000t}{chapter.4}% 8
\BOOKMARK [0][-]{chapter.5}{\376\377\0005\000\040\000N\000a\000m\000e\000s\000p\000a\000c\000e\000\040\000D\000o\000c\000u\000m\000e\000n\000t\000a\000t\000i\000o\000n}{}% 9
\BOOKMARK [1][-]{section.5.1}{\376\377\0005\000.\0001\000\040\000P\000a\000c\000k\000a\000g\000e\000\040\000c\000o\000n\000t\000r\000o\000l\000l\000e\000r}{chapter.5}% 10
\BOOKMARK [1][-]{section.5.2}{\376\377\0005\000.\0002\000\040\000P\000a\000c\000k\000a\000g\000e\000\040\000d\000o\000m\000a\000i\000n}{chapter.5}% 11
\BOOKMARK [1][-]{section.5.3}{\376\377\0005\000.\0003\000\040\000P\000a\000c\000k\000a\000g\000e\000\040\000f\000r\000o\000n\000t\000e\000n\000d}{chapter.5}% 12
\BOOKMARK [1][-]{section.5.4}{\376\377\0005\000.\0004\000\040\000P\000a\000c\000k\000a\000g\000e\000\040\000s\000o\000f\000t\000w\000a\000r\000e}{chapter.5}% 13
\BOOKMARK [1][-]{section.5.5}{\376\377\0005\000.\0005\000\040\000P\000a\000c\000k\000a\000g\000e\000\040\000t\000e\000s\000t}{chapter.5}% 14
\BOOKMARK [1][-]{section.5.6}{\376\377\0005\000.\0006\000\040\000P\000a\000c\000k\000a\000g\000e\000\040\000t\000r\000a\000n\000s\000l\000a\000t\000e}{chapter.5}% 15
\BOOKMARK [1][-]{section.5.7}{\376\377\0005\000.\0007\000\040\000P\000a\000c\000k\000a\000g\000e\000\040\000u\000t\000i\000l\000i\000t\000i\000e\000s}{chapter.5}% 16
\BOOKMARK [0][-]{chapter.6}{\376\377\0006\000\040\000C\000l\000a\000s\000s\000\040\000D\000o\000c\000u\000m\000e\000n\000t\000a\000t\000i\000o\000n}{}% 17
\BOOKMARK [1][-]{section.6.1}{\376\377\0006\000.\0001\000\040\000d\000o\000m\000a\000i\000n\000.\000C\000a\000l\000c\000u\000l\000a\000t\000e\000D\000i\000s\000t\000a\000n\000c\000e\000\040\000C\000l\000a\000s\000s\000\040\000R\000e\000f\000e\000r\000e\000n\000c\000e}{chapter.6}% 18
\BOOKMARK [2][-]{subsection.6.1.1}{\376\377\0006\000.\0001\000.\0001\000\040\000M\000e\000m\000b\000e\000r\000\040\000F\000u\000n\000c\000t\000i\000o\000n\000\040\000D\000o\000c\000u\000m\000e\000n\000t\000a\000t\000i\000o\000n}{section.6.1}% 19
\BOOKMARK [3][-]{subsubsection.6.1.1.1}{\376\377\0006\000.\0001\000.\0001\000.\0001\000\040\000c\000a\000l\000c\000u\000l\000a\000t\000e\000\050\000\051}{subsection.6.1.1}% 20
\BOOKMARK [3][-]{subsubsection.6.1.1.2}{\376\377\0006\000.\0001\000.\0001\000.\0002\000\040\000c\000a\000l\000c\000u\000l\000a\000t\000e\000A\000l\000l\000\050\000\051}{subsection.6.1.1}% 21
\BOOKMARK [2][-]{subsection.6.1.2}{\376\377\0006\000.\0001\000.\0002\000\040\000M\000e\000m\000b\000e\000r\000\040\000D\000a\000t\000a\000\040\000D\000o\000c\000u\000m\000e\000n\000t\000a\000t\000i\000o\000n}{section.6.1}% 22
\BOOKMARK [3][-]{subsubsection.6.1.2.1}{\376\377\0006\000.\0001\000.\0002\000.\0001\000\040\000g\000r\000a\000p\000h}{subsection.6.1.2}% 23
\BOOKMARK [1][-]{section.6.2}{\376\377\0006\000.\0002\000\040\000t\000e\000s\000t\000.\000C\000a\000l\000c\000u\000l\000a\000t\000e\000D\000i\000s\000t\000a\000n\000c\000e\000T\000e\000s\000t\000\040\000C\000l\000a\000s\000s\000\040\000R\000e\000f\000e\000r\000e\000n\000c\000e}{chapter.6}% 24
\BOOKMARK [2][-]{subsection.6.2.1}{\376\377\0006\000.\0002\000.\0001\000\040\000M\000e\000m\000b\000e\000r\000\040\000F\000u\000n\000c\000t\000i\000o\000n\000\040\000D\000o\000c\000u\000m\000e\000n\000t\000a\000t\000i\000o\000n}{section.6.2}% 25
\BOOKMARK [3][-]{subsubsection.6.2.1.1}{\376\377\0006\000.\0002\000.\0001\000.\0001\000\040\000s\000e\000t\000U\000p\000\050\000\051}{subsection.6.2.1}% 26
\BOOKMARK [3][-]{subsubsection.6.2.1.2}{\376\377\0006\000.\0002\000.\0001\000.\0002\000\040\000t\000e\000s\000t\000C\000a\000l\000c\000u\000l\000a\000t\000e\000\050\000\051}{subsection.6.2.1}% 27
\BOOKMARK [3][-]{subsubsection.6.2.1.3}{\376\377\0006\000.\0002\000.\0001\000.\0003\000\040\000t\000e\000s\000t\000C\000a\000l\000c\000u\000l\000a\000t\000e\000A\000l\000l\000\050\000\051}{subsection.6.2.1}% 28
\BOOKMARK [2][-]{subsection.6.2.2}{\376\377\0006\000.\0002\000.\0002\000\040\000M\000e\000m\000b\000e\000r\000\040\000D\000a\000t\000a\000\040\000D\000o\000c\000u\000m\000e\000n\000t\000a\000t\000i\000o\000n}{section.6.2}% 29
\BOOKMARK [3][-]{subsubsection.6.2.2.1}{\376\377\0006\000.\0002\000.\0002\000.\0001\000\040\000c\000d}{subsection.6.2.2}% 30
\BOOKMARK [1][-]{section.6.3}{\376\377\0006\000.\0003\000\040\000u\000t\000i\000l\000i\000t\000i\000e\000s\000.\000D\000a\000t\000a\000F\000i\000l\000e\000\040\000C\000l\000a\000s\000s\000\040\000R\000e\000f\000e\000r\000e\000n\000c\000e}{chapter.6}% 31
\BOOKMARK [2][-]{subsection.6.3.1}{\376\377\0006\000.\0003\000.\0001\000\040\000M\000e\000m\000b\000e\000r\000\040\000F\000u\000n\000c\000t\000i\000o\000n\000\040\000D\000o\000c\000u\000m\000e\000n\000t\000a\000t\000i\000o\000n}{section.6.3}% 32
\BOOKMARK [3][-]{subsubsection.6.3.1.1}{\376\377\0006\000.\0003\000.\0001\000.\0001\000\040\000c\000h\000e\000c\000k\000F\000i\000l\000e\000E\000x\000i\000s\000t\000\050\000\051}{subsection.6.3.1}% 33
\BOOKMARK [3][-]{subsubsection.6.3.1.2}{\376\377\0006\000.\0003\000.\0001\000.\0002\000\040\000c\000l\000o\000s\000e\000\050\000\051}{subsection.6.3.1}% 34
\BOOKMARK [3][-]{subsubsection.6.3.1.3}{\376\377\0006\000.\0003\000.\0001\000.\0003\000\040\000g\000e\000t\000F\000i\000l\000e\000N\000a\000m\000e\000\050\000\051}{subsection.6.3.1}% 35
\BOOKMARK [3][-]{subsubsection.6.3.1.4}{\376\377\0006\000.\0003\000.\0001\000.\0004\000\040\000o\000p\000e\000n\000\050\000\051}{subsection.6.3.1}% 36
\BOOKMARK [3][-]{subsubsection.6.3.1.5}{\376\377\0006\000.\0003\000.\0001\000.\0005\000\040\000r\000e\000a\000d\000C\000o\000n\000d\000i\000t\000i\000o\000n\000\050\000\051}{subsection.6.3.1}% 37
\BOOKMARK [3][-]{subsubsection.6.3.1.6}{\376\377\0006\000.\0003\000.\0001\000.\0006\000\040\000r\000e\000a\000d\000D\000o\000u\000b\000l\000e\000\050\000\051}{subsection.6.3.1}% 38
\BOOKMARK [3][-]{subsubsection.6.3.1.7}{\376\377\0006\000.\0003\000.\0001\000.\0007\000\040\000r\000e\000a\000d\000I\000n\000t\000e\000g\000e\000r\000\050\000\051}{subsection.6.3.1}% 39
\BOOKMARK [3][-]{subsubsection.6.3.1.8}{\376\377\0006\000.\0003\000.\0001\000.\0008\000\040\000r\000e\000a\000d\000L\000i\000s\000t\000\050\000\051\000\040\000[\0001\000/\0002\000]}{subsection.6.3.1}% 40
\BOOKMARK [3][-]{subsubsection.6.3.1.9}{\376\377\0006\000.\0003\000.\0001\000.\0009\000\040\000r\000e\000a\000d\000L\000i\000s\000t\000\050\000\051\000\040\000[\0002\000/\0002\000]}{subsection.6.3.1}% 41
\BOOKMARK [3][-]{subsubsection.6.3.1.10}{\376\377\0006\000.\0003\000.\0001\000.\0001\0000\000\040\000r\000e\000a\000d\000L\000i\000t\000e\000r\000a\000l\000O\000p\000e\000r\000a\000n\000d\000\050\000\051}{subsection.6.3.1}% 42
\BOOKMARK [3][-]{subsubsection.6.3.1.11}{\376\377\0006\000.\0003\000.\0001\000.\0001\0001\000\040\000s\000e\000t\000F\000i\000l\000e\000N\000a\000m\000e\000\050\000\051}{subsection.6.3.1}% 43
\BOOKMARK [2][-]{subsection.6.3.2}{\376\377\0006\000.\0003\000.\0002\000\040\000M\000e\000m\000b\000e\000r\000\040\000D\000a\000t\000a\000\040\000D\000o\000c\000u\000m\000e\000n\000t\000a\000t\000i\000o\000n}{section.6.3}% 44
\BOOKMARK [3][-]{subsubsection.6.3.2.1}{\376\377\0006\000.\0003\000.\0002\000.\0001\000\040\000D\000I\000S\000T\000A\000N\000C\000E\000\137\000C\000O\000N\000D\000I\000T\000I\000O\000N}{subsection.6.3.2}% 45
\BOOKMARK [3][-]{subsubsection.6.3.2.2}{\376\377\0006\000.\0003\000.\0002\000.\0002\000\040\000f\000i\000l\000e\000\137\000n\000a\000m\000e}{subsection.6.3.2}% 46
\BOOKMARK [3][-]{subsubsection.6.3.2.3}{\376\377\0006\000.\0003\000.\0002\000.\0003\000\040\000F\000I\000L\000E\000\137\000T\000E\000S\000T\000S\000\137\000C\000A\000S\000E\000S}{subsection.6.3.2}% 47
\BOOKMARK [3][-]{subsubsection.6.3.2.4}{\376\377\0006\000.\0003\000.\0002\000.\0004\000\040\000i\000n\000p\000u\000t}{subsection.6.3.2}% 48
\BOOKMARK [3][-]{subsubsection.6.3.2.5}{\376\377\0006\000.\0003\000.\0002\000.\0005\000\040\000P\000A\000T\000H\000\137\000F\000I\000L\000E}{subsection.6.3.2}% 49
\BOOKMARK [3][-]{subsubsection.6.3.2.6}{\376\377\0006\000.\0003\000.\0002\000.\0006\000\040\000P\000A\000T\000T\000E\000R\000N\000\137\000C\000O\000N\000D\000I\000T\000I\000O\000N}{subsection.6.3.2}% 50
\BOOKMARK [3][-]{subsubsection.6.3.2.7}{\376\377\0006\000.\0003\000.\0002\000.\0007\000\040\000P\000A\000T\000T\000E\000R\000N\000\137\000D\000O\000U\000B\000L\000E}{subsection.6.3.2}% 51
\BOOKMARK [3][-]{subsubsection.6.3.2.8}{\376\377\0006\000.\0003\000.\0002\000.\0008\000\040\000P\000A\000T\000T\000E\000R\000N\000\137\000I\000N\000T\000E\000G\000E\000R}{subsection.6.3.2}% 52
\BOOKMARK [3][-]{subsubsection.6.3.2.9}{\376\377\0006\000.\0003\000.\0002\000.\0009\000\040\000P\000A\000T\000T\000E\000R\000N\000\137\000L\000I\000S\000T}{subsection.6.3.2}% 53
\BOOKMARK [3][-]{subsubsection.6.3.2.10}{\376\377\0006\000.\0003\000.\0002\000.\0001\0000\000\040\000P\000A\000T\000T\000E\000R\000N\000\137\000O\000P\000E\000R\000A\000N\000D}{subsection.6.3.2}% 54
\BOOKMARK [3][-]{subsubsection.6.3.2.11}{\376\377\0006\000.\0003\000.\0002\000.\0001\0001\000\040\000p\000r\000o\000p}{subsection.6.3.2}% 55
\BOOKMARK [3][-]{subsubsection.6.3.2.12}{\376\377\0006\000.\0003\000.\0002\000.\0001\0002\000\040\000S\000E\000P\000A\000R\000A\000T\000O\000R}{subsection.6.3.2}% 56
\BOOKMARK [3][-]{subsubsection.6.3.2.13}{\376\377\0006\000.\0003\000.\0002\000.\0001\0003\000\040\000S\000T\000O\000P\0001\000\137\000C\000O\000N\000D\000I\000T\000I\000O\000N}{subsection.6.3.2}% 57
\BOOKMARK [3][-]{subsubsection.6.3.2.14}{\376\377\0006\000.\0003\000.\0002\000.\0001\0004\000\040\000S\000T\000O\000P\0002\000\137\000C\000O\000N\000D\000I\000T\000I\000O\000N}{subsection.6.3.2}% 58
\BOOKMARK [1][-]{section.6.4}{\376\377\0006\000.\0004\000\040\000t\000e\000s\000t\000.\000D\000a\000t\000a\000F\000i\000l\000e\000T\000e\000s\000t\000\040\000C\000l\000a\000s\000s\000\040\000R\000e\000f\000e\000r\000e\000n\000c\000e}{chapter.6}% 59
\BOOKMARK [2][-]{subsection.6.4.1}{\376\377\0006\000.\0004\000.\0001\000\040\000M\000e\000m\000b\000e\000r\000\040\000F\000u\000n\000c\000t\000i\000o\000n\000\040\000D\000o\000c\000u\000m\000e\000n\000t\000a\000t\000i\000o\000n}{section.6.4}% 60
\BOOKMARK [3][-]{subsubsection.6.4.1.1}{\376\377\0006\000.\0004\000.\0001\000.\0001\000\040\000s\000e\000t\000U\000p\000\050\000\051}{subsection.6.4.1}% 61
\BOOKMARK [3][-]{subsubsection.6.4.1.2}{\376\377\0006\000.\0004\000.\0001\000.\0002\000\040\000t\000e\000s\000t\000O\000p\000e\000n\000\050\000\051}{subsection.6.4.1}% 62
\BOOKMARK [3][-]{subsubsection.6.4.1.3}{\376\377\0006\000.\0004\000.\0001\000.\0003\000\040\000t\000e\000s\000t\000R\000e\000a\000d\000C\000o\000n\000d\000i\000t\000i\000o\000n\000S\000t\000r\000i\000n\000g\000I\000n\000t\000\050\000\051}{subsection.6.4.1}% 63
\BOOKMARK [3][-]{subsubsection.6.4.1.4}{\376\377\0006\000.\0004\000.\0001\000.\0004\000\040\000t\000e\000s\000t\000R\000e\000a\000d\000D\000o\000u\000b\000l\000e\000S\000t\000r\000i\000n\000g\000I\000n\000t\000\050\000\051}{subsection.6.4.1}% 64
\BOOKMARK [3][-]{subsubsection.6.4.1.5}{\376\377\0006\000.\0004\000.\0001\000.\0005\000\040\000t\000e\000s\000t\000R\000e\000a\000d\000I\000n\000t\000e\000g\000e\000r\000S\000t\000r\000i\000n\000g\000I\000n\000t\000\050\000\051}{subsection.6.4.1}% 65
\BOOKMARK [3][-]{subsubsection.6.4.1.6}{\376\377\0006\000.\0004\000.\0001\000.\0006\000\040\000t\000e\000s\000t\000R\000e\000a\000d\000L\000i\000s\000t\000S\000t\000r\000i\000n\000g\000\050\000\051}{subsection.6.4.1}% 66
\BOOKMARK [3][-]{subsubsection.6.4.1.7}{\376\377\0006\000.\0004\000.\0001\000.\0007\000\040\000t\000e\000s\000t\000R\000e\000a\000d\000L\000i\000s\000t\000S\000t\000r\000i\000n\000g\000I\000n\000t\000\050\000\051}{subsection.6.4.1}% 67
\BOOKMARK [3][-]{subsubsection.6.4.1.8}{\376\377\0006\000.\0004\000.\0001\000.\0008\000\040\000t\000e\000s\000t\000R\000e\000a\000d\000L\000i\000t\000e\000r\000a\000l\000O\000p\000e\000r\000a\000n\000d\000S\000t\000r\000i\000n\000g\000I\000n\000t\000\050\000\051}{subsection.6.4.1}% 68
\BOOKMARK [1][-]{section.6.5}{\376\377\0006\000.\0005\000\040\000f\000r\000o\000n\000t\000e\000n\000d\000.\000D\000i\000s\000p\000l\000a\000y\000\040\000C\000l\000a\000s\000s\000\040\000R\000e\000f\000e\000r\000e\000n\000c\000e}{chapter.6}% 69
\BOOKMARK [2][-]{subsection.6.5.1}{\376\377\0006\000.\0005\000.\0001\000\040\000M\000e\000m\000b\000e\000r\000\040\000F\000u\000n\000c\000t\000i\000o\000n\000\040\000D\000o\000c\000u\000m\000e\000n\000t\000a\000t\000i\000o\000n}{section.6.5}% 70
\BOOKMARK [3][-]{subsubsection.6.5.1.1}{\376\377\0006\000.\0005\000.\0001\000.\0001\000\040\000p\000r\000i\000n\000t\000H\000e\000a\000d\000\050\000\051}{subsection.6.5.1}% 71
\BOOKMARK [3][-]{subsubsection.6.5.1.2}{\376\377\0006\000.\0005\000.\0001\000.\0002\000\040\000p\000r\000i\000n\000t\000L\000i\000n\000e\000\050\000\051}{subsection.6.5.1}% 72
\BOOKMARK [3][-]{subsubsection.6.5.1.3}{\376\377\0006\000.\0005\000.\0001\000.\0003\000\040\000p\000r\000i\000n\000t\000R\000e\000s\000u\000l\000t\000C\000a\000l\000c\000u\000l\000a\000t\000e\000D\000i\000s\000t\000a\000n\000c\000e\000\050\000\051}{subsection.6.5.1}% 73
\BOOKMARK [3][-]{subsubsection.6.5.1.4}{\376\377\0006\000.\0005\000.\0001\000.\0004\000\040\000p\000r\000i\000n\000t\000R\000e\000s\000u\000l\000t\000F\000i\000l\000t\000e\000r\000\050\000\051}{subsection.6.5.1}% 74
\BOOKMARK [3][-]{subsubsection.6.5.1.5}{\376\377\0006\000.\0005\000.\0001\000.\0005\000\040\000p\000r\000i\000n\000t\000R\000e\000s\000u\000l\000t\000S\000h\000o\000r\000t\000e\000s\000t\000\050\000\051}{subsection.6.5.1}% 75
\BOOKMARK [3][-]{subsubsection.6.5.1.6}{\376\377\0006\000.\0005\000.\0001\000.\0006\000\040\000s\000h\000o\000w\000A\000l\000l\000R\000e\000s\000u\000l\000t\000s\000\050\000\051}{subsection.6.5.1}% 76
\BOOKMARK [2][-]{subsection.6.5.2}{\376\377\0006\000.\0005\000.\0002\000\040\000M\000e\000m\000b\000e\000r\000\040\000D\000a\000t\000a\000\040\000D\000o\000c\000u\000m\000e\000n\000t\000a\000t\000i\000o\000n}{section.6.5}% 77
\BOOKMARK [3][-]{subsubsection.6.5.2.1}{\376\377\0006\000.\0005\000.\0002\000.\0001\000\040\000F\000O\000R\000M\000A\000T\000\137\000C\000O\000L\0001}{subsection.6.5.2}% 78
\BOOKMARK [3][-]{subsubsection.6.5.2.2}{\376\377\0006\000.\0005\000.\0002\000.\0002\000\040\000F\000O\000R\000M\000A\000T\000\137\000D\000E\000C\000I\000M\000A\000L}{subsection.6.5.2}% 79
\BOOKMARK [3][-]{subsubsection.6.5.2.3}{\376\377\0006\000.\0005\000.\0002\000.\0003\000\040\000F\000O\000R\000M\000A\000T\000\137\000D\000O\000U\000B\000L\000E}{subsection.6.5.2}% 80
\BOOKMARK [3][-]{subsubsection.6.5.2.4}{\376\377\0006\000.\0005\000.\0002\000.\0004\000\040\000F\000O\000R\000M\000A\000T\000\137\000R\000O\000U\000T\000E}{subsection.6.5.2}% 81
\BOOKMARK [3][-]{subsubsection.6.5.2.5}{\376\377\0006\000.\0005\000.\0002\000.\0005\000\040\000F\000O\000R\000M\000A\000T\000\137\000S\000T\000R\000I\000N\000G}{subsection.6.5.2}% 82
\BOOKMARK [3][-]{subsubsection.6.5.2.6}{\376\377\0006\000.\0005\000.\0002\000.\0006\000\040\000i\000n\000d\000e\000x\000\137\000l\000i\000n\000e}{subsection.6.5.2}% 83
\BOOKMARK [3][-]{subsubsection.6.5.2.7}{\376\377\0006\000.\0005\000.\0002\000.\0007\000\040\000N\000E\000W\000\137\000L\000I\000N\000E}{subsection.6.5.2}% 84
\BOOKMARK [3][-]{subsubsection.6.5.2.8}{\376\377\0006\000.\0005\000.\0002\000.\0008\000\040\000S\000E\000P\000A\000R\000A\000T\000O\000R}{subsection.6.5.2}% 85
\BOOKMARK [1][-]{section.6.6}{\376\377\0006\000.\0006\000\040\000u\000t\000i\000l\000i\000t\000i\000e\000s\000.\000F\000i\000l\000e\000P\000r\000o\000p\000e\000r\000t\000y\000\040\000E\000n\000u\000m\000\040\000R\000e\000f\000e\000r\000e\000n\000c\000e}{chapter.6}% 86
\BOOKMARK [2][-]{subsection.6.6.1}{\376\377\0006\000.\0006\000.\0001\000\040\000C\000o\000n\000s\000t\000r\000u\000c\000t\000o\000r\000\040\000\046\000\040\000D\000e\000s\000t\000r\000u\000c\000t\000o\000r\000\040\000D\000o\000c\000u\000m\000e\000n\000t\000a\000t\000i\000o\000n}{section.6.6}% 87
\BOOKMARK [3][-]{subsubsection.6.6.1.1}{\376\377\0006\000.\0006\000.\0001\000.\0001\000\040\000F\000i\000l\000e\000P\000r\000o\000p\000e\000r\000t\000y\000\050\000\051}{subsection.6.6.1}% 88
\BOOKMARK [2][-]{subsection.6.6.2}{\376\377\0006\000.\0006\000.\0002\000\040\000M\000e\000m\000b\000e\000r\000\040\000F\000u\000n\000c\000t\000i\000o\000n\000\040\000D\000o\000c\000u\000m\000e\000n\000t\000a\000t\000i\000o\000n}{section.6.6}% 89
\BOOKMARK [3][-]{subsubsection.6.6.2.1}{\376\377\0006\000.\0006\000.\0002\000.\0001\000\040\000g\000e\000t\000N\000a\000m\000e\000\050\000\051}{subsection.6.6.2}% 90
\BOOKMARK [2][-]{subsection.6.6.3}{\376\377\0006\000.\0006\000.\0003\000\040\000M\000e\000m\000b\000e\000r\000\040\000D\000a\000t\000a\000\040\000D\000o\000c\000u\000m\000e\000n\000t\000a\000t\000i\000o\000n}{section.6.6}% 91
\BOOKMARK [3][-]{subsubsection.6.6.3.1}{\376\377\0006\000.\0006\000.\0003\000.\0001\000\040\000D\000I\000S\000T\000A\000N\000C\000E\000\137\000R\000O\000U\000T\000E\000S}{subsection.6.6.3}% 92
\BOOKMARK [3][-]{subsubsection.6.6.3.2}{\376\377\0006\000.\0006\000.\0003\000.\0002\000\040\000F\000I\000L\000T\000E\000R\000\137\000C\000O\000N\000D\000I\000T\000I\000O\000N}{subsection.6.6.3}% 93
\BOOKMARK [3][-]{subsubsection.6.6.3.3}{\376\377\0006\000.\0006\000.\0003\000.\0003\000\040\000F\000I\000L\000T\000E\000R\000\137\000R\000O\000U\000T\000E\000S}{subsection.6.6.3}% 94
\BOOKMARK [3][-]{subsubsection.6.6.3.4}{\376\377\0006\000.\0006\000.\0003\000.\0004\000\040\000G\000R\000A\000P\000H\000\137\000R\000O\000U\000T\000E\000S}{subsection.6.6.3}% 95
\BOOKMARK [3][-]{subsubsection.6.6.3.5}{\376\377\0006\000.\0006\000.\0003\000.\0005\000\040\000n\000a\000m\000e}{subsection.6.6.3}% 96
\BOOKMARK [3][-]{subsubsection.6.6.3.6}{\376\377\0006\000.\0006\000.\0003\000.\0006\000\040\000S\000H\000O\000R\000T\000E\000S\000T\000\137\000R\000O\000U\000T\000E\000S}{subsection.6.6.3}% 97
\BOOKMARK [1][-]{section.6.7}{\376\377\0006\000.\0007\000\040\000d\000o\000m\000a\000i\000n\000.\000F\000i\000l\000t\000e\000r\000\040\000C\000l\000a\000s\000s\000\040\000R\000e\000f\000e\000r\000e\000n\000c\000e}{chapter.6}% 98
\BOOKMARK [2][-]{subsection.6.7.1}{\376\377\0006\000.\0007\000.\0001\000\040\000M\000e\000m\000b\000e\000r\000\040\000F\000u\000n\000c\000t\000i\000o\000n\000\040\000D\000o\000c\000u\000m\000e\000n\000t\000a\000t\000i\000o\000n}{section.6.7}% 99
\BOOKMARK [3][-]{subsubsection.6.7.1.1}{\376\377\0006\000.\0007\000.\0001\000.\0001\000\040\000f\000i\000l\000t\000e\000r\000B\000y\000\050\000\051}{subsection.6.7.1}% 100
\BOOKMARK [2][-]{subsection.6.7.2}{\376\377\0006\000.\0007\000.\0002\000\040\000M\000e\000m\000b\000e\000r\000\040\000D\000a\000t\000a\000\040\000D\000o\000c\000u\000m\000e\000n\000t\000a\000t\000i\000o\000n}{section.6.7}% 101
\BOOKMARK [3][-]{subsubsection.6.7.2.1}{\376\377\0006\000.\0007\000.\0002\000.\0001\000\040\000g\000r\000a\000p\000h}{subsection.6.7.2}% 102
\BOOKMARK [1][-]{section.6.8}{\376\377\0006\000.\0008\000\040\000t\000e\000s\000t\000.\000F\000i\000l\000t\000e\000r\000T\000e\000s\000t\000\040\000C\000l\000a\000s\000s\000\040\000R\000e\000f\000e\000r\000e\000n\000c\000e}{chapter.6}% 103
\BOOKMARK [2][-]{subsection.6.8.1}{\376\377\0006\000.\0008\000.\0001\000\040\000M\000e\000m\000b\000e\000r\000\040\000F\000u\000n\000c\000t\000i\000o\000n\000\040\000D\000o\000c\000u\000m\000e\000n\000t\000a\000t\000i\000o\000n}{section.6.8}% 104
\BOOKMARK [3][-]{subsubsection.6.8.1.1}{\376\377\0006\000.\0008\000.\0001\000.\0001\000\040\000s\000e\000t\000U\000p\000\050\000\051}{subsection.6.8.1}% 105
\BOOKMARK [3][-]{subsubsection.6.8.1.2}{\376\377\0006\000.\0008\000.\0001\000.\0002\000\040\000t\000e\000s\000t\000F\000i\000l\000t\000e\000r\000B\000y\000\050\000\051}{subsection.6.8.1}% 106
\BOOKMARK [2][-]{subsection.6.8.2}{\376\377\0006\000.\0008\000.\0002\000\040\000M\000e\000m\000b\000e\000r\000\040\000D\000a\000t\000a\000\040\000D\000o\000c\000u\000m\000e\000n\000t\000a\000t\000i\000o\000n}{section.6.8}% 107
\BOOKMARK [3][-]{subsubsection.6.8.2.1}{\376\377\0006\000.\0008\000.\0002\000.\0001\000\040\000f\000i\000l\000t\000e\000r}{subsection.6.8.2}% 108
\BOOKMARK [1][-]{section.6.9}{\376\377\0006\000.\0009\000\040\000d\000o\000m\000a\000i\000n\000.\000G\000r\000a\000p\000h\000\040\000C\000l\000a\000s\000s\000\040\000R\000e\000f\000e\000r\000e\000n\000c\000e}{chapter.6}% 109
\BOOKMARK [2][-]{subsection.6.9.1}{\376\377\0006\000.\0009\000.\0001\000\040\000C\000o\000n\000s\000t\000r\000u\000c\000t\000o\000r\000\040\000\046\000\040\000D\000e\000s\000t\000r\000u\000c\000t\000o\000r\000\040\000D\000o\000c\000u\000m\000e\000n\000t\000a\000t\000i\000o\000n}{section.6.9}% 110
\BOOKMARK [3][-]{subsubsection.6.9.1.1}{\376\377\0006\000.\0009\000.\0001\000.\0001\000\040\000G\000r\000a\000p\000h\000\050\000\051}{subsection.6.9.1}% 111
\BOOKMARK [2][-]{subsection.6.9.2}{\376\377\0006\000.\0009\000.\0002\000\040\000M\000e\000m\000b\000e\000r\000\040\000F\000u\000n\000c\000t\000i\000o\000n\000\040\000D\000o\000c\000u\000m\000e\000n\000t\000a\000t\000i\000o\000n}{section.6.9}% 112
\BOOKMARK [3][-]{subsubsection.6.9.2.1}{\376\377\0006\000.\0009\000.\0002\000.\0001\000\040\000a\000d\000d\000R\000o\000u\000t\000e\000\050\000\051\000\040\000[\0001\000/\0002\000]}{subsection.6.9.2}% 113
\BOOKMARK [3][-]{subsubsection.6.9.2.2}{\376\377\0006\000.\0009\000.\0002\000.\0002\000\040\000a\000d\000d\000R\000o\000u\000t\000e\000\050\000\051\000\040\000[\0002\000/\0002\000]}{subsection.6.9.2}% 114
\BOOKMARK [3][-]{subsubsection.6.9.2.3}{\376\377\0006\000.\0009\000.\0002\000.\0003\000\040\000a\000d\000d\000T\000o\000w\000n\000\050\000\051}{subsection.6.9.2}% 115
\BOOKMARK [3][-]{subsubsection.6.9.2.4}{\376\377\0006\000.\0009\000.\0002\000.\0004\000\040\000c\000a\000l\000c\000u\000l\000a\000t\000e\000D\000i\000s\000t\000a\000n\000c\000e\000\050\000\051}{subsection.6.9.2}% 116
\BOOKMARK [3][-]{subsubsection.6.9.2.5}{\376\377\0006\000.\0009\000.\0002\000.\0005\000\040\000c\000l\000e\000a\000r\000\050\000\051}{subsection.6.9.2}% 117
\BOOKMARK [3][-]{subsubsection.6.9.2.6}{\376\377\0006\000.\0009\000.\0002\000.\0006\000\040\000c\000o\000n\000t\000a\000i\000n\000s\000T\000o\000w\000n\000\050\000\051}{subsection.6.9.2}% 118
\BOOKMARK [3][-]{subsubsection.6.9.2.7}{\376\377\0006\000.\0009\000.\0002\000.\0007\000\040\000c\000r\000e\000a\000t\000e\000\050\000\051}{subsection.6.9.2}% 119
\BOOKMARK [3][-]{subsubsection.6.9.2.8}{\376\377\0006\000.\0009\000.\0002\000.\0008\000\040\000g\000e\000t\000A\000l\000l\000R\000o\000u\000t\000e\000P\000o\000s\000s\000i\000b\000l\000e\000\050\000\051}{subsection.6.9.2}% 120
\BOOKMARK [3][-]{subsubsection.6.9.2.9}{\376\377\0006\000.\0009\000.\0002\000.\0009\000\040\000g\000e\000t\000A\000l\000l\000R\000o\000u\000t\000e\000s\000\050\000\051}{subsection.6.9.2}% 121
\BOOKMARK [3][-]{subsubsection.6.9.2.10}{\376\377\0006\000.\0009\000.\0002\000.\0001\0000\000\040\000g\000e\000t\000A\000l\000l\000T\000o\000w\000n\000s\000\050\000\051}{subsection.6.9.2}% 122
\BOOKMARK [3][-]{subsubsection.6.9.2.11}{\376\377\0006\000.\0009\000.\0002\000.\0001\0001\000\040\000g\000e\000t\000C\000o\000n\000n\000e\000c\000t\000i\000o\000n\000s\000\050\000\051}{subsection.6.9.2}% 123
\BOOKMARK [3][-]{subsubsection.6.9.2.12}{\376\377\0006\000.\0009\000.\0002\000.\0001\0002\000\040\000g\000e\000t\000R\000o\000u\000t\000e\000\050\000\051}{subsection.6.9.2}% 124
\BOOKMARK [3][-]{subsubsection.6.9.2.13}{\376\377\0006\000.\0009\000.\0002\000.\0001\0003\000\040\000i\000s\000R\000o\000u\000t\000e\000A\000v\000a\000i\000l\000a\000b\000l\000e\000\050\000\051}{subsection.6.9.2}% 125
\BOOKMARK [3][-]{subsubsection.6.9.2.14}{\376\377\0006\000.\0009\000.\0002\000.\0001\0004\000\040\000l\000o\000a\000d\000G\000r\000a\000p\000h\000R\000o\000u\000t\000e\000s\000F\000r\000o\000m\000F\000i\000l\000e\000\050\000\051}{subsection.6.9.2}% 126
\BOOKMARK [2][-]{subsection.6.9.3}{\376\377\0006\000.\0009\000.\0003\000\040\000M\000e\000m\000b\000e\000r\000\040\000D\000a\000t\000a\000\040\000D\000o\000c\000u\000m\000e\000n\000t\000a\000t\000i\000o\000n}{section.6.9}% 127
\BOOKMARK [3][-]{subsubsection.6.9.3.1}{\376\377\0006\000.\0009\000.\0003\000.\0001\000\040\000g\000r\000a\000p\000h}{subsection.6.9.3}% 128
\BOOKMARK [3][-]{subsubsection.6.9.3.2}{\376\377\0006\000.\0009\000.\0003\000.\0002\000\040\000m\000a\000p\000R\000o\000u\000t\000e\000s}{subsection.6.9.3}% 129
\BOOKMARK [3][-]{subsubsection.6.9.3.3}{\376\377\0006\000.\0009\000.\0003\000.\0003\000\040\000m\000a\000p\000T\000o\000w\000n\000s}{subsection.6.9.3}% 130
\BOOKMARK [1][-]{section.6.10}{\376\377\0006\000.\0001\0000\000\040\000t\000e\000s\000t\000.\000G\000r\000a\000p\000h\000T\000e\000s\000t\000\040\000C\000l\000a\000s\000s\000\040\000R\000e\000f\000e\000r\000e\000n\000c\000e}{chapter.6}% 131
\BOOKMARK [2][-]{subsection.6.10.1}{\376\377\0006\000.\0001\0000\000.\0001\000\040\000M\000e\000m\000b\000e\000r\000\040\000F\000u\000n\000c\000t\000i\000o\000n\000\040\000D\000o\000c\000u\000m\000e\000n\000t\000a\000t\000i\000o\000n}{section.6.10}% 132
\BOOKMARK [3][-]{subsubsection.6.10.1.1}{\376\377\0006\000.\0001\0000\000.\0001\000.\0001\000\040\000s\000e\000t\000U\000p\000\050\000\051}{subsection.6.10.1}% 133
\BOOKMARK [3][-]{subsubsection.6.10.1.2}{\376\377\0006\000.\0001\0000\000.\0001\000.\0002\000\040\000t\000e\000s\000t\000A\000d\000d\000R\000o\000u\000t\000e\000\050\000\051}{subsection.6.10.1}% 134
\BOOKMARK [3][-]{subsubsection.6.10.1.3}{\376\377\0006\000.\0001\0000\000.\0001\000.\0003\000\040\000t\000e\000s\000t\000A\000d\000d\000T\000o\000w\000n\000\050\000\051}{subsection.6.10.1}% 135
\BOOKMARK [3][-]{subsubsection.6.10.1.4}{\376\377\0006\000.\0001\0000\000.\0001\000.\0004\000\040\000t\000e\000s\000t\000c\000a\000l\000c\000u\000l\000a\000t\000e\000D\000i\000s\000t\000a\000n\000c\000e\000\050\000\051}{subsection.6.10.1}% 136
\BOOKMARK [3][-]{subsubsection.6.10.1.5}{\376\377\0006\000.\0001\0000\000.\0001\000.\0005\000\040\000t\000e\000s\000t\000c\000l\000e\000a\000r\000\050\000\051}{subsection.6.10.1}% 137
\BOOKMARK [3][-]{subsubsection.6.10.1.6}{\376\377\0006\000.\0001\0000\000.\0001\000.\0006\000\040\000t\000e\000s\000t\000C\000o\000n\000t\000a\000i\000n\000s\000T\000o\000w\000n\000\050\000\051}{subsection.6.10.1}% 138
\BOOKMARK [3][-]{subsubsection.6.10.1.7}{\376\377\0006\000.\0001\0000\000.\0001\000.\0007\000\040\000t\000e\000s\000t\000G\000e\000t\000A\000l\000l\000R\000o\000u\000t\000e\000P\000o\000s\000s\000i\000b\000l\000e\000\050\000\051}{subsection.6.10.1}% 139
\BOOKMARK [3][-]{subsubsection.6.10.1.8}{\376\377\0006\000.\0001\0000\000.\0001\000.\0008\000\040\000t\000e\000s\000t\000G\000e\000t\000A\000l\000l\000R\000o\000u\000t\000e\000s\000\050\000\051}{subsection.6.10.1}% 140
\BOOKMARK [3][-]{subsubsection.6.10.1.9}{\376\377\0006\000.\0001\0000\000.\0001\000.\0009\000\040\000t\000e\000s\000t\000G\000e\000t\000A\000l\000l\000T\000o\000w\000n\000s\000\050\000\051}{subsection.6.10.1}% 141
\BOOKMARK [3][-]{subsubsection.6.10.1.10}{\376\377\0006\000.\0001\0000\000.\0001\000.\0001\0000\000\040\000t\000e\000s\000t\000G\000e\000t\000C\000o\000n\000n\000e\000c\000t\000i\000o\000n\000s\000\050\000\051}{subsection.6.10.1}% 142
\BOOKMARK [3][-]{subsubsection.6.10.1.11}{\376\377\0006\000.\0001\0000\000.\0001\000.\0001\0001\000\040\000t\000e\000s\000t\000G\000e\000t\000R\000o\000u\000t\000e\000\050\000\051}{subsection.6.10.1}% 143
\BOOKMARK [3][-]{subsubsection.6.10.1.12}{\376\377\0006\000.\0001\0000\000.\0001\000.\0001\0002\000\040\000t\000e\000s\000t\000G\000r\000a\000p\000h\000\050\000\051}{subsection.6.10.1}% 144
\BOOKMARK [3][-]{subsubsection.6.10.1.13}{\376\377\0006\000.\0001\0000\000.\0001\000.\0001\0003\000\040\000t\000e\000s\000t\000I\000s\000R\000o\000u\000t\000e\000A\000v\000a\000i\000l\000a\000b\000l\000e\000\050\000\051}{subsection.6.10.1}% 145
\BOOKMARK [3][-]{subsubsection.6.10.1.14}{\376\377\0006\000.\0001\0000\000.\0001\000.\0001\0004\000\040\000t\000e\000s\000t\000L\000o\000a\000d\000G\000r\000a\000p\000h\000R\000o\000u\000t\000e\000s\000F\000r\000o\000m\000F\000i\000l\000e\000\050\000\051}{subsection.6.10.1}% 146
\BOOKMARK [2][-]{subsection.6.10.2}{\376\377\0006\000.\0001\0000\000.\0002\000\040\000M\000e\000m\000b\000e\000r\000\040\000D\000a\000t\000a\000\040\000D\000o\000c\000u\000m\000e\000n\000t\000a\000t\000i\000o\000n}{section.6.10}% 147
\BOOKMARK [3][-]{subsubsection.6.10.2.1}{\376\377\0006\000.\0001\0000\000.\0002\000.\0001\000\040\000g\000r\000a\000p\000h}{subsection.6.10.2}% 148
\BOOKMARK [1][-]{section.6.11}{\376\377\0006\000.\0001\0001\000\040\000s\000o\000f\000t\000w\000a\000r\000e\000.\000m\000a\000i\000n\000\040\000C\000l\000a\000s\000s\000\040\000R\000e\000f\000e\000r\000e\000n\000c\000e}{chapter.6}% 149
\BOOKMARK [2][-]{subsection.6.11.1}{\376\377\0006\000.\0001\0001\000.\0001\000\040\000C\000o\000n\000s\000t\000r\000u\000c\000t\000o\000r\000\040\000\046\000\040\000D\000e\000s\000t\000r\000u\000c\000t\000o\000r\000\040\000D\000o\000c\000u\000m\000e\000n\000t\000a\000t\000i\000o\000n}{section.6.11}% 150
\BOOKMARK [3][-]{subsubsection.6.11.1.1}{\376\377\0006\000.\0001\0001\000.\0001\000.\0001\000\040\000m\000a\000i\000n\000\050\000\051}{subsection.6.11.1}% 151
\BOOKMARK [2][-]{subsection.6.11.2}{\376\377\0006\000.\0001\0001\000.\0002\000\040\000M\000e\000m\000b\000e\000r\000\040\000F\000u\000n\000c\000t\000i\000o\000n\000\040\000D\000o\000c\000u\000m\000e\000n\000t\000a\000t\000i\000o\000n}{section.6.11}% 152
\BOOKMARK [3][-]{subsubsection.6.11.2.1}{\376\377\0006\000.\0001\0001\000.\0002\000.\0001\000\040\000r\000u\000n\000S\000W\000\050\000\051}{subsection.6.11.2}% 153
\BOOKMARK [3][-]{subsubsection.6.11.2.2}{\376\377\0006\000.\0001\0001\000.\0002\000.\0002\000\040\000s\000h\000u\000t\000d\000o\000w\000n\000S\000W\000\050\000\051}{subsection.6.11.2}% 154
\BOOKMARK [3][-]{subsubsection.6.11.2.3}{\376\377\0006\000.\0001\0001\000.\0002\000.\0003\000\040\000s\000t\000a\000r\000t\000u\000p\000S\000W\000\050\000\051}{subsection.6.11.2}% 155
\BOOKMARK [1][-]{section.6.12}{\376\377\0006\000.\0001\0002\000\040\000u\000t\000i\000l\000i\000t\000i\000e\000s\000.\000P\000e\000r\000m\000u\000t\000a\000t\000i\000o\000n\000\040\000C\000l\000a\000s\000s\000\040\000R\000e\000f\000e\000r\000e\000n\000c\000e}{chapter.6}% 156
\BOOKMARK [2][-]{subsection.6.12.1}{\376\377\0006\000.\0001\0002\000.\0001\000\040\000M\000e\000m\000b\000e\000r\000\040\000F\000u\000n\000c\000t\000i\000o\000n\000\040\000D\000o\000c\000u\000m\000e\000n\000t\000a\000t\000i\000o\000n}{section.6.12}% 157
\BOOKMARK [3][-]{subsubsection.6.12.1.1}{\376\377\0006\000.\0001\0002\000.\0001\000.\0001\000\040\000g\000e\000t\000A\000l\000l\000L\000i\000s\000t\000s\000\050\000\051}{subsection.6.12.1}% 158
\BOOKMARK [1][-]{section.6.13}{\376\377\0006\000.\0001\0003\000\040\000t\000e\000s\000t\000.\000P\000e\000r\000m\000u\000t\000a\000t\000i\000o\000n\000T\000e\000s\000t\000\040\000C\000l\000a\000s\000s\000\040\000R\000e\000f\000e\000r\000e\000n\000c\000e}{chapter.6}% 159
\BOOKMARK [2][-]{subsection.6.13.1}{\376\377\0006\000.\0001\0003\000.\0001\000\040\000M\000e\000m\000b\000e\000r\000\040\000F\000u\000n\000c\000t\000i\000o\000n\000\040\000D\000o\000c\000u\000m\000e\000n\000t\000a\000t\000i\000o\000n}{section.6.13}% 160
\BOOKMARK [3][-]{subsubsection.6.13.1.1}{\376\377\0006\000.\0001\0003\000.\0001\000.\0001\000\040\000s\000e\000t\000U\000p\000\050\000\051}{subsection.6.13.1}% 161
\BOOKMARK [3][-]{subsubsection.6.13.1.2}{\376\377\0006\000.\0001\0003\000.\0001\000.\0002\000\040\000t\000e\000s\000t\000G\000e\000t\000A\000l\000l\000L\000i\000s\000t\000s\000\050\000\051}{subsection.6.13.1}% 162
\BOOKMARK [1][-]{section.6.14}{\376\377\0006\000.\0001\0004\000\040\000t\000r\000a\000n\000s\000l\000a\000t\000e\000.\000P\000t\000B\000R\000\040\000C\000l\000a\000s\000s\000\040\000R\000e\000f\000e\000r\000e\000n\000c\000e}{chapter.6}% 163
\BOOKMARK [2][-]{subsection.6.14.1}{\376\377\0006\000.\0001\0004\000.\0001\000\040\000M\000e\000m\000b\000e\000r\000\040\000F\000u\000n\000c\000t\000i\000o\000n\000\040\000D\000o\000c\000u\000m\000e\000n\000t\000a\000t\000i\000o\000n}{section.6.14}% 164
\BOOKMARK [3][-]{subsubsection.6.14.1.1}{\376\377\0006\000.\0001\0004\000.\0001\000.\0001\000\040\000F\000I\000L\000E\000\137\000N\000O\000T\000\137\000F\000O\000U\000N\000D\000\050\000\051}{subsection.6.14.1}% 165
\BOOKMARK [3][-]{subsubsection.6.14.1.2}{\376\377\0006\000.\0001\0004\000.\0001\000.\0002\000\040\000I\000N\000C\000O\000R\000R\000E\000C\000T\000\137\000P\000A\000R\000A\000M\000E\000T\000E\000R\000S\000\050\000\051}{subsection.6.14.1}% 166
\BOOKMARK [3][-]{subsubsection.6.14.1.3}{\376\377\0006\000.\0001\0004\000.\0001\000.\0003\000\040\000P\000R\000O\000P\000E\000R\000T\000Y\000\137\000N\000O\000T\000\137\000F\000O\000U\000N\000D\000\050\000\051}{subsection.6.14.1}% 167
\BOOKMARK [3][-]{subsubsection.6.14.1.4}{\376\377\0006\000.\0001\0004\000.\0001\000.\0004\000\040\000R\000O\000U\000T\000E\000\137\000N\000O\000\137\000A\000V\000A\000I\000L\000A\000B\000L\000E\000\050\000\051}{subsection.6.14.1}% 168
\BOOKMARK [3][-]{subsubsection.6.14.1.5}{\376\377\0006\000.\0001\0004\000.\0001\000.\0005\000\040\000T\000O\000W\000\137\000N\000O\000\137\000E\000X\000I\000S\000T\000\050\000\051}{subsection.6.14.1}% 169
\BOOKMARK [2][-]{subsection.6.14.2}{\376\377\0006\000.\0001\0004\000.\0002\000\040\000M\000e\000m\000b\000e\000r\000\040\000D\000a\000t\000a\000\040\000D\000o\000c\000u\000m\000e\000n\000t\000a\000t\000i\000o\000n}{section.6.14}% 170
\BOOKMARK [3][-]{subsubsection.6.14.2.1}{\376\377\0006\000.\0001\0004\000.\0002\000.\0001\000\040\000F\000I\000L\000E\000\137\000N\000O\000T\000\137\000F\000O\000U\000N\000D}{subsection.6.14.2}% 171
\BOOKMARK [3][-]{subsubsection.6.14.2.2}{\376\377\0006\000.\0001\0004\000.\0002\000.\0002\000\040\000I\000N\000C\000O\000R\000R\000E\000C\000T\000\137\000P\000A\000R\000A\000M\000E\000T\000E\000R\000S}{subsection.6.14.2}% 172
\BOOKMARK [3][-]{subsubsection.6.14.2.3}{\376\377\0006\000.\0001\0004\000.\0002\000.\0003\000\040\000P\000R\000O\000P\000E\000R\000T\000Y\000\137\000N\000O\000T\000\137\000F\000O\000U\000N\000D}{subsection.6.14.2}% 173
\BOOKMARK [3][-]{subsubsection.6.14.2.4}{\376\377\0006\000.\0001\0004\000.\0002\000.\0004\000\040\000R\000O\000U\000T\000E\000\137\000N\000O\000\137\000A\000V\000A\000I\000L\000A\000B\000L\000E}{subsection.6.14.2}% 174
\BOOKMARK [3][-]{subsubsection.6.14.2.5}{\376\377\0006\000.\0001\0004\000.\0002\000.\0005\000\040\000T\000O\000W\000\137\000N\000O\000\137\000E\000X\000I\000S\000T}{subsection.6.14.2}% 175
\BOOKMARK [1][-]{section.6.15}{\376\377\0006\000.\0001\0005\000\040\000c\000o\000n\000t\000r\000o\000l\000l\000e\000r\000.\000R\000a\000i\000l\000S\000y\000s\000t\000e\000m\000\040\000C\000l\000a\000s\000s\000\040\000R\000e\000f\000e\000r\000e\000n\000c\000e}{chapter.6}% 176
\BOOKMARK [2][-]{subsection.6.15.1}{\376\377\0006\000.\0001\0005\000.\0001\000\040\000M\000e\000m\000b\000e\000r\000\040\000F\000u\000n\000c\000t\000i\000o\000n\000\040\000D\000o\000c\000u\000m\000e\000n\000t\000a\000t\000i\000o\000n}{section.6.15}% 177
\BOOKMARK [3][-]{subsubsection.6.15.1.1}{\376\377\0006\000.\0001\0005\000.\0001\000.\0001\000\040\000c\000a\000l\000c\000u\000l\000a\000t\000e\000D\000i\000s\000t\000a\000n\000c\000e\000\050\000\051}{subsection.6.15.1}% 178
\BOOKMARK [3][-]{subsubsection.6.15.1.2}{\376\377\0006\000.\0001\0005\000.\0001\000.\0002\000\040\000d\000e\000I\000n\000i\000t\000\050\000\051}{subsection.6.15.1}% 179
\BOOKMARK [3][-]{subsubsection.6.15.1.3}{\376\377\0006\000.\0001\0005\000.\0001\000.\0003\000\040\000f\000i\000l\000t\000e\000r\000B\000y\000D\000i\000s\000t\000a\000n\000c\000e\000\050\000\051}{subsection.6.15.1}% 180
\BOOKMARK [3][-]{subsubsection.6.15.1.4}{\376\377\0006\000.\0001\0005\000.\0001\000.\0004\000\040\000f\000i\000l\000t\000e\000r\000B\000y\000S\000t\000o\000p\000s\0001\000\050\000\051}{subsection.6.15.1}% 181
\BOOKMARK [3][-]{subsubsection.6.15.1.5}{\376\377\0006\000.\0001\0005\000.\0001\000.\0005\000\040\000f\000i\000l\000t\000e\000r\000B\000y\000S\000t\000o\000p\000s\0002\000\050\000\051}{subsection.6.15.1}% 182
\BOOKMARK [3][-]{subsubsection.6.15.1.6}{\376\377\0006\000.\0001\0005\000.\0001\000.\0006\000\040\000i\000n\000i\000t\000\050\000\051}{subsection.6.15.1}% 183
\BOOKMARK [3][-]{subsubsection.6.15.1.7}{\376\377\0006\000.\0001\0005\000.\0001\000.\0007\000\040\000s\000h\000o\000r\000t\000e\000s\000t\000R\000o\000u\000t\000e\000\050\000\051}{subsection.6.15.1}% 184
\BOOKMARK [1][-]{section.6.16}{\376\377\0006\000.\0001\0006\000\040\000t\000e\000s\000t\000.\000R\000a\000i\000l\000S\000y\000s\000t\000e\000m\000T\000e\000s\000t\000\040\000C\000l\000a\000s\000s\000\040\000R\000e\000f\000e\000r\000e\000n\000c\000e}{chapter.6}% 185
\BOOKMARK [2][-]{subsection.6.16.1}{\376\377\0006\000.\0001\0006\000.\0001\000\040\000M\000e\000m\000b\000e\000r\000\040\000F\000u\000n\000c\000t\000i\000o\000n\000\040\000D\000o\000c\000u\000m\000e\000n\000t\000a\000t\000i\000o\000n}{section.6.16}% 186
\BOOKMARK [3][-]{subsubsection.6.16.1.1}{\376\377\0006\000.\0001\0006\000.\0001\000.\0001\000\040\000s\000e\000t\000U\000p\000\050\000\051}{subsection.6.16.1}% 187
\BOOKMARK [3][-]{subsubsection.6.16.1.2}{\376\377\0006\000.\0001\0006\000.\0001\000.\0002\000\040\000t\000e\000s\000t\000C\000a\000l\000c\000u\000l\000a\000t\000e\000D\000i\000s\000t\000a\000n\000c\000e\000\050\000\051}{subsection.6.16.1}% 188
\BOOKMARK [3][-]{subsubsection.6.16.1.3}{\376\377\0006\000.\0001\0006\000.\0001\000.\0003\000\040\000t\000e\000s\000t\000F\000i\000l\000t\000e\000r\000B\000y\000S\000t\000o\000p\000s\0001\000\050\000\051}{subsection.6.16.1}% 189
\BOOKMARK [3][-]{subsubsection.6.16.1.4}{\376\377\0006\000.\0001\0006\000.\0001\000.\0004\000\040\000t\000e\000s\000t\000F\000i\000l\000t\000e\000r\000B\000y\000S\000t\000o\000p\000s\0002\000\050\000\051}{subsection.6.16.1}% 190
\BOOKMARK [3][-]{subsubsection.6.16.1.5}{\376\377\0006\000.\0001\0006\000.\0001\000.\0005\000\040\000t\000e\000s\000t\000S\000h\000o\000r\000t\000e\000s\000t\000R\000o\000u\000t\000e\000\050\000\051}{subsection.6.16.1}% 191
\BOOKMARK [1][-]{section.6.17}{\376\377\0006\000.\0001\0007\000\040\000d\000o\000m\000a\000i\000n\000.\000R\000o\000u\000t\000e\000\040\000C\000l\000a\000s\000s\000\040\000R\000e\000f\000e\000r\000e\000n\000c\000e}{chapter.6}% 192
\BOOKMARK [2][-]{subsection.6.17.1}{\376\377\0006\000.\0001\0007\000.\0001\000\040\000C\000o\000n\000s\000t\000r\000u\000c\000t\000o\000r\000\040\000\046\000\040\000D\000e\000s\000t\000r\000u\000c\000t\000o\000r\000\040\000D\000o\000c\000u\000m\000e\000n\000t\000a\000t\000i\000o\000n}{section.6.17}% 193
\BOOKMARK [3][-]{subsubsection.6.17.1.1}{\376\377\0006\000.\0001\0007\000.\0001\000.\0001\000\040\000R\000o\000u\000t\000e\000\050\000\051\000\040\000[\0001\000/\0003\000]}{subsection.6.17.1}% 194
\BOOKMARK [3][-]{subsubsection.6.17.1.2}{\376\377\0006\000.\0001\0007\000.\0001\000.\0002\000\040\000R\000o\000u\000t\000e\000\050\000\051\000\040\000[\0002\000/\0003\000]}{subsection.6.17.1}% 195
\BOOKMARK [3][-]{subsubsection.6.17.1.3}{\376\377\0006\000.\0001\0007\000.\0001\000.\0003\000\040\000R\000o\000u\000t\000e\000\050\000\051\000\040\000[\0003\000/\0003\000]}{subsection.6.17.1}% 196
\BOOKMARK [2][-]{subsection.6.17.2}{\376\377\0006\000.\0001\0007\000.\0002\000\040\000M\000e\000m\000b\000e\000r\000\040\000F\000u\000n\000c\000t\000i\000o\000n\000\040\000D\000o\000c\000u\000m\000e\000n\000t\000a\000t\000i\000o\000n}{section.6.17}% 197
\BOOKMARK [3][-]{subsubsection.6.17.2.1}{\376\377\0006\000.\0001\0007\000.\0002\000.\0001\000\040\000f\000o\000r\000m\000a\000t\000K\000e\000y\000\050\000\051}{subsection.6.17.2}% 198
\BOOKMARK [3][-]{subsubsection.6.17.2.2}{\376\377\0006\000.\0001\0007\000.\0002\000.\0002\000\040\000g\000e\000t\000D\000i\000s\000t\000a\000n\000c\000e\000\050\000\051}{subsection.6.17.2}% 199
\BOOKMARK [3][-]{subsubsection.6.17.2.3}{\376\377\0006\000.\0001\0007\000.\0002\000.\0003\000\040\000g\000e\000t\000E\000n\000d\000i\000n\000g\000T\000o\000w\000n\000\050\000\051}{subsection.6.17.2}% 200
\BOOKMARK [3][-]{subsubsection.6.17.2.4}{\376\377\0006\000.\0001\0007\000.\0002\000.\0004\000\040\000g\000e\000t\000K\000e\000y\000\050\000\051}{subsection.6.17.2}% 201
\BOOKMARK [3][-]{subsubsection.6.17.2.5}{\376\377\0006\000.\0001\0007\000.\0002\000.\0005\000\040\000g\000e\000t\000K\000e\000y\000O\000f\000S\000t\000o\000p\000\050\000\051}{subsection.6.17.2}% 202
\BOOKMARK [3][-]{subsubsection.6.17.2.6}{\376\377\0006\000.\0001\0007\000.\0002\000.\0006\000\040\000g\000e\000t\000N\000u\000m\000b\000e\000r\000O\000f\000N\000o\000d\000e\000s\000\050\000\051}{subsection.6.17.2}% 203
\BOOKMARK [3][-]{subsubsection.6.17.2.7}{\376\377\0006\000.\0001\0007\000.\0002\000.\0007\000\040\000g\000e\000t\000N\000u\000m\000b\000e\000r\000O\000f\000S\000t\000o\000p\000s\000\050\000\051}{subsection.6.17.2}% 204
\BOOKMARK [3][-]{subsubsection.6.17.2.8}{\376\377\0006\000.\0001\0007\000.\0002\000.\0008\000\040\000g\000e\000t\000S\000t\000a\000r\000t\000i\000n\000g\000T\000o\000w\000n\000\050\000\051}{subsection.6.17.2}% 205
\BOOKMARK [3][-]{subsubsection.6.17.2.9}{\376\377\0006\000.\0001\0007\000.\0002\000.\0009\000\040\000i\000s\000A\000v\000a\000i\000l\000a\000b\000l\000e\000\050\000\051}{subsection.6.17.2}% 206
\BOOKMARK [3][-]{subsubsection.6.17.2.10}{\376\377\0006\000.\0001\0007\000.\0002\000.\0001\0000\000\040\000s\000e\000t\000A\000v\000a\000i\000l\000a\000b\000l\000e\000\050\000\051}{subsection.6.17.2}% 207
\BOOKMARK [3][-]{subsubsection.6.17.2.11}{\376\377\0006\000.\0001\0007\000.\0002\000.\0001\0001\000\040\000s\000e\000t\000K\000e\000y\000\050\000\051}{subsection.6.17.2}% 208
\BOOKMARK [3][-]{subsubsection.6.17.2.12}{\376\377\0006\000.\0001\0007\000.\0002\000.\0001\0002\000\040\000s\000e\000t\000R\000o\000u\000t\000e\000\050\000\051}{subsection.6.17.2}% 209
\BOOKMARK [3][-]{subsubsection.6.17.2.13}{\376\377\0006\000.\0001\0007\000.\0002\000.\0001\0003\000\040\000s\000e\000t\000T\000o\000t\000a\000l\000D\000i\000s\000t\000a\000n\000c\000e\000\050\000\051\000\040\000[\0001\000/\0002\000]}{subsection.6.17.2}% 210
\BOOKMARK [3][-]{subsubsection.6.17.2.14}{\376\377\0006\000.\0001\0007\000.\0002\000.\0001\0004\000\040\000s\000e\000t\000T\000o\000t\000a\000l\000D\000i\000s\000t\000a\000n\000c\000e\000\050\000\051\000\040\000[\0002\000/\0002\000]}{subsection.6.17.2}% 211
\BOOKMARK [3][-]{subsubsection.6.17.2.15}{\376\377\0006\000.\0001\0007\000.\0002\000.\0001\0005\000\040\000t\000e\000s\000t\000C\000o\000n\000d\000i\000t\000i\000o\000n\000\050\000\051}{subsection.6.17.2}% 212
\BOOKMARK [2][-]{subsection.6.17.3}{\376\377\0006\000.\0001\0007\000.\0003\000\040\000M\000e\000m\000b\000e\000r\000\040\000D\000a\000t\000a\000\040\000D\000o\000c\000u\000m\000e\000n\000t\000a\000t\000i\000o\000n}{section.6.17}% 213
\BOOKMARK [3][-]{subsubsection.6.17.3.1}{\376\377\0006\000.\0001\0007\000.\0003\000.\0001\000\040\000a\000v\000a\000i\000l\000a\000b\000l\000e}{subsection.6.17.3}% 214
\BOOKMARK [3][-]{subsubsection.6.17.3.2}{\376\377\0006\000.\0001\0007\000.\0003\000.\0002\000\040\000k\000e\000y}{subsection.6.17.3}% 215
\BOOKMARK [3][-]{subsubsection.6.17.3.3}{\376\377\0006\000.\0001\0007\000.\0003\000.\0003\000\040\000M\000I\000N\000I\000M\000A\000L\000\137\000S\000I\000Z\000E\000\137\000O\000F\000\137\000I\000D}{subsection.6.17.3}% 216
\BOOKMARK [3][-]{subsubsection.6.17.3.4}{\376\377\0006\000.\0001\0007\000.\0003\000.\0004\000\040\000P\000A\000T\000T\000E\000R\000N\000\137\000D\000O\000U\000B\000L\000E}{subsection.6.17.3}% 217
\BOOKMARK [3][-]{subsubsection.6.17.3.5}{\376\377\0006\000.\0001\0007\000.\0003\000.\0005\000\040\000P\000A\000T\000T\000E\000R\000N\000\137\000I\000D}{subsection.6.17.3}% 218
\BOOKMARK [3][-]{subsubsection.6.17.3.6}{\376\377\0006\000.\0001\0007\000.\0003\000.\0006\000\040\000P\000A\000T\000T\000E\000R\000N\000\137\000N\000O\000\137\000D\000U\000P\000L\000I\000C\000A\000T\000E}{subsection.6.17.3}% 219
\BOOKMARK [3][-]{subsubsection.6.17.3.7}{\376\377\0006\000.\0001\0007\000.\0003\000.\0007\000\040\000t\000o\000t\000a\000l\000D\000i\000s\000t\000a\000n\000c\000e}{subsection.6.17.3}% 220
\BOOKMARK [1][-]{section.6.18}{\376\377\0006\000.\0001\0008\000\040\000t\000e\000s\000t\000.\000R\000o\000u\000t\000e\000T\000e\000s\000t\000\040\000C\000l\000a\000s\000s\000\040\000R\000e\000f\000e\000r\000e\000n\000c\000e}{chapter.6}% 221
\BOOKMARK [2][-]{subsection.6.18.1}{\376\377\0006\000.\0001\0008\000.\0001\000\040\000M\000e\000m\000b\000e\000r\000\040\000F\000u\000n\000c\000t\000i\000o\000n\000\040\000D\000o\000c\000u\000m\000e\000n\000t\000a\000t\000i\000o\000n}{section.6.18}% 222
\BOOKMARK [3][-]{subsubsection.6.18.1.1}{\376\377\0006\000.\0001\0008\000.\0001\000.\0001\000\040\000s\000e\000t\000U\000p\000\050\000\051}{subsection.6.18.1}% 223
\BOOKMARK [3][-]{subsubsection.6.18.1.2}{\376\377\0006\000.\0001\0008\000.\0001\000.\0002\000\040\000t\000e\000s\000t\000F\000o\000r\000m\000a\000t\000K\000e\000y\000\050\000\051}{subsection.6.18.1}% 224
\BOOKMARK [3][-]{subsubsection.6.18.1.3}{\376\377\0006\000.\0001\0008\000.\0001\000.\0003\000\040\000t\000e\000s\000t\000G\000e\000t\000D\000i\000s\000t\000a\000n\000c\000e\000\050\000\051}{subsection.6.18.1}% 225
\BOOKMARK [3][-]{subsubsection.6.18.1.4}{\376\377\0006\000.\0001\0008\000.\0001\000.\0004\000\040\000t\000e\000s\000t\000G\000e\000t\000E\000n\000d\000i\000n\000g\000T\000o\000w\000n\000\050\000\051}{subsection.6.18.1}% 226
\BOOKMARK [3][-]{subsubsection.6.18.1.5}{\376\377\0006\000.\0001\0008\000.\0001\000.\0005\000\040\000t\000e\000s\000t\000G\000e\000t\000I\000d\000\050\000\051}{subsection.6.18.1}% 227
\BOOKMARK [3][-]{subsubsection.6.18.1.6}{\376\377\0006\000.\0001\0008\000.\0001\000.\0006\000\040\000t\000e\000s\000t\000G\000e\000t\000I\000d\000O\000f\000S\000t\000o\000p\000\050\000\051}{subsection.6.18.1}% 228
\BOOKMARK [3][-]{subsubsection.6.18.1.7}{\376\377\0006\000.\0001\0008\000.\0001\000.\0007\000\040\000t\000e\000s\000t\000G\000e\000t\000N\000u\000m\000b\000e\000r\000O\000f\000N\000o\000d\000e\000s\000\050\000\051}{subsection.6.18.1}% 229
\BOOKMARK [3][-]{subsubsection.6.18.1.8}{\376\377\0006\000.\0001\0008\000.\0001\000.\0008\000\040\000t\000e\000s\000t\000G\000e\000t\000N\000u\000m\000b\000e\000r\000O\000f\000S\000t\000o\000p\000s\000\050\000\051}{subsection.6.18.1}% 230
\BOOKMARK [3][-]{subsubsection.6.18.1.9}{\376\377\0006\000.\0001\0008\000.\0001\000.\0009\000\040\000t\000e\000s\000t\000G\000e\000t\000S\000t\000a\000r\000t\000i\000n\000g\000T\000o\000w\000n\000\050\000\051}{subsection.6.18.1}% 231
\BOOKMARK [3][-]{subsubsection.6.18.1.10}{\376\377\0006\000.\0001\0008\000.\0001\000.\0001\0000\000\040\000t\000e\000s\000t\000I\000s\000A\000v\000a\000i\000l\000a\000b\000l\000e\000\050\000\051}{subsection.6.18.1}% 232
\BOOKMARK [3][-]{subsubsection.6.18.1.11}{\376\377\0006\000.\0001\0008\000.\0001\000.\0001\0001\000\040\000t\000e\000s\000t\000R\000o\000u\000t\000e\000\050\000\051}{subsection.6.18.1}% 233
\BOOKMARK [3][-]{subsubsection.6.18.1.12}{\376\377\0006\000.\0001\0008\000.\0001\000.\0001\0002\000\040\000t\000e\000s\000t\000R\000o\000u\000t\000e\000S\000t\000r\000i\000n\000g\000\050\000\051}{subsection.6.18.1}% 234
\BOOKMARK [3][-]{subsubsection.6.18.1.13}{\376\377\0006\000.\0001\0008\000.\0001\000.\0001\0003\000\040\000t\000e\000s\000t\000R\000o\000u\000t\000e\000S\000t\000r\000i\000n\000g\000D\000o\000u\000b\000l\000e\000\050\000\051}{subsection.6.18.1}% 235
\BOOKMARK [3][-]{subsubsection.6.18.1.14}{\376\377\0006\000.\0001\0008\000.\0001\000.\0001\0004\000\040\000t\000e\000s\000t\000S\000e\000t\000A\000v\000a\000i\000l\000a\000b\000l\000e\000\050\000\051}{subsection.6.18.1}% 236
\BOOKMARK [3][-]{subsubsection.6.18.1.15}{\376\377\0006\000.\0001\0008\000.\0001\000.\0001\0005\000\040\000t\000e\000s\000t\000S\000e\000t\000I\000d\000\050\000\051}{subsection.6.18.1}% 237
\BOOKMARK [3][-]{subsubsection.6.18.1.16}{\376\377\0006\000.\0001\0008\000.\0001\000.\0001\0006\000\040\000t\000e\000s\000t\000S\000e\000t\000R\000o\000u\000t\000e\000\050\000\051}{subsection.6.18.1}% 238
\BOOKMARK [3][-]{subsubsection.6.18.1.17}{\376\377\0006\000.\0001\0008\000.\0001\000.\0001\0007\000\040\000t\000e\000s\000t\000S\000e\000t\000T\000o\000t\000a\000l\000D\000i\000s\000t\000a\000n\000c\000e\000D\000o\000u\000b\000l\000e\000\050\000\051}{subsection.6.18.1}% 239
\BOOKMARK [3][-]{subsubsection.6.18.1.18}{\376\377\0006\000.\0001\0008\000.\0001\000.\0001\0008\000\040\000t\000e\000s\000t\000S\000e\000t\000T\000o\000t\000a\000l\000D\000i\000s\000t\000a\000n\000c\000e\000S\000t\000r\000i\000n\000g\000\050\000\051}{subsection.6.18.1}% 240
\BOOKMARK [3][-]{subsubsection.6.18.1.19}{\376\377\0006\000.\0001\0008\000.\0001\000.\0001\0009\000\040\000t\000e\000s\000t\000T\000e\000s\000t\000C\000o\000n\000d\000i\000t\000i\000o\000n\000\050\000\051}{subsection.6.18.1}% 241
\BOOKMARK [2][-]{subsection.6.18.2}{\376\377\0006\000.\0001\0008\000.\0002\000\040\000M\000e\000m\000b\000e\000r\000\040\000D\000a\000t\000a\000\040\000D\000o\000c\000u\000m\000e\000n\000t\000a\000t\000i\000o\000n}{section.6.18}% 242
\BOOKMARK [3][-]{subsubsection.6.18.2.1}{\376\377\0006\000.\0001\0008\000.\0002\000.\0001\000\040\000r\000o\000u\000t\000e}{subsection.6.18.2}% 243
\BOOKMARK [1][-]{section.6.19}{\376\377\0006\000.\0001\0009\000\040\000d\000o\000m\000a\000i\000n\000.\000S\000h\000o\000r\000t\000e\000s\000t\000R\000o\000u\000t\000e\000\040\000C\000l\000a\000s\000s\000\040\000R\000e\000f\000e\000r\000e\000n\000c\000e}{chapter.6}% 244
\BOOKMARK [2][-]{subsection.6.19.1}{\376\377\0006\000.\0001\0009\000.\0001\000\040\000M\000e\000m\000b\000e\000r\000\040\000F\000u\000n\000c\000t\000i\000o\000n\000\040\000D\000o\000c\000u\000m\000e\000n\000t\000a\000t\000i\000o\000n}{section.6.19}% 245
\BOOKMARK [3][-]{subsubsection.6.19.1.1}{\376\377\0006\000.\0001\0009\000.\0001\000.\0001\000\040\000g\000e\000t\000S\000h\000o\000r\000t\000e\000s\000t\000R\000o\000u\000t\000e\000\050\000\051\000\040\000[\0001\000/\0002\000]}{subsection.6.19.1}% 246
\BOOKMARK [3][-]{subsubsection.6.19.1.2}{\376\377\0006\000.\0001\0009\000.\0001\000.\0002\000\040\000g\000e\000t\000S\000h\000o\000r\000t\000e\000s\000t\000R\000o\000u\000t\000e\000\050\000\051\000\040\000[\0002\000/\0002\000]}{subsection.6.19.1}% 247
\BOOKMARK [2][-]{subsection.6.19.2}{\376\377\0006\000.\0001\0009\000.\0002\000\040\000M\000e\000m\000b\000e\000r\000\040\000D\000a\000t\000a\000\040\000D\000o\000c\000u\000m\000e\000n\000t\000a\000t\000i\000o\000n}{section.6.19}% 248
\BOOKMARK [3][-]{subsubsection.6.19.2.1}{\376\377\0006\000.\0001\0009\000.\0002\000.\0001\000\040\000g\000r\000a\000p\000h}{subsection.6.19.2}% 249
\BOOKMARK [1][-]{section.6.20}{\376\377\0006\000.\0002\0000\000\040\000t\000e\000s\000t\000.\000S\000h\000o\000r\000t\000e\000s\000t\000R\000o\000u\000t\000e\000T\000e\000s\000t\000\040\000C\000l\000a\000s\000s\000\040\000R\000e\000f\000e\000r\000e\000n\000c\000e}{chapter.6}% 250
\BOOKMARK [2][-]{subsection.6.20.1}{\376\377\0006\000.\0002\0000\000.\0001\000\040\000M\000e\000m\000b\000e\000r\000\040\000F\000u\000n\000c\000t\000i\000o\000n\000\040\000D\000o\000c\000u\000m\000e\000n\000t\000a\000t\000i\000o\000n}{section.6.20}% 251
\BOOKMARK [3][-]{subsubsection.6.20.1.1}{\376\377\0006\000.\0002\0000\000.\0001\000.\0001\000\040\000s\000e\000t\000U\000p\000\050\000\051}{subsection.6.20.1}% 252
\BOOKMARK [3][-]{subsubsection.6.20.1.2}{\376\377\0006\000.\0002\0000\000.\0001\000.\0002\000\040\000t\000e\000s\000t\000G\000e\000t\000S\000h\000o\000r\000t\000e\000s\000t\000R\000o\000u\000t\000e\000\050\000\051}{subsection.6.20.1}% 253
\BOOKMARK [3][-]{subsubsection.6.20.1.3}{\376\377\0006\000.\0002\0000\000.\0001\000.\0003\000\040\000t\000e\000s\000t\000G\000e\000t\000S\000h\000o\000r\000t\000e\000s\000t\000R\000o\000u\000t\000e\000R\000o\000u\000t\000e\000\050\000\051}{subsection.6.20.1}% 254
\BOOKMARK [2][-]{subsection.6.20.2}{\376\377\0006\000.\0002\0000\000.\0002\000\040\000M\000e\000m\000b\000e\000r\000\040\000D\000a\000t\000a\000\040\000D\000o\000c\000u\000m\000e\000n\000t\000a\000t\000i\000o\000n}{section.6.20}% 255
\BOOKMARK [3][-]{subsubsection.6.20.2.1}{\376\377\0006\000.\0002\0000\000.\0002\000.\0001\000\040\000s\000r}{subsection.6.20.2}% 256
\BOOKMARK [1][-]{section.6.21}{\376\377\0006\000.\0002\0001\000\040\000d\000o\000m\000a\000i\000n\000.\000T\000o\000w\000n\000\040\000C\000l\000a\000s\000s\000\040\000R\000e\000f\000e\000r\000e\000n\000c\000e}{chapter.6}% 257
\BOOKMARK [2][-]{subsection.6.21.1}{\376\377\0006\000.\0002\0001\000.\0001\000\040\000C\000o\000n\000s\000t\000r\000u\000c\000t\000o\000r\000\040\000\046\000\040\000D\000e\000s\000t\000r\000u\000c\000t\000o\000r\000\040\000D\000o\000c\000u\000m\000e\000n\000t\000a\000t\000i\000o\000n}{section.6.21}% 258
\BOOKMARK [3][-]{subsubsection.6.21.1.1}{\376\377\0006\000.\0002\0001\000.\0001\000.\0001\000\040\000T\000o\000w\000n\000\050\000\051}{subsection.6.21.1}% 259
\BOOKMARK [2][-]{subsection.6.21.2}{\376\377\0006\000.\0002\0001\000.\0002\000\040\000M\000e\000m\000b\000e\000r\000\040\000F\000u\000n\000c\000t\000i\000o\000n\000\040\000D\000o\000c\000u\000m\000e\000n\000t\000a\000t\000i\000o\000n}{section.6.21}% 260
\BOOKMARK [3][-]{subsubsection.6.21.2.1}{\376\377\0006\000.\0002\0001\000.\0002\000.\0001\000\040\000f\000o\000r\000m\000a\000t\000K\000e\000y\000\050\000\051}{subsection.6.21.2}% 261
\BOOKMARK [3][-]{subsubsection.6.21.2.2}{\376\377\0006\000.\0002\0001\000.\0002\000.\0002\000\040\000g\000e\000t\000K\000e\000y\000\050\000\051}{subsection.6.21.2}% 262
\BOOKMARK [3][-]{subsubsection.6.21.2.3}{\376\377\0006\000.\0002\0001\000.\0002\000.\0003\000\040\000s\000e\000t\000K\000e\000y\000\050\000\051}{subsection.6.21.2}% 263
\BOOKMARK [2][-]{subsection.6.21.3}{\376\377\0006\000.\0002\0001\000.\0003\000\040\000M\000e\000m\000b\000e\000r\000\040\000D\000a\000t\000a\000\040\000D\000o\000c\000u\000m\000e\000n\000t\000a\000t\000i\000o\000n}{section.6.21}% 264
\BOOKMARK [3][-]{subsubsection.6.21.3.1}{\376\377\0006\000.\0002\0001\000.\0003\000.\0001\000\040\000k\000e\000y}{subsection.6.21.3}% 265
\BOOKMARK [3][-]{subsubsection.6.21.3.2}{\376\377\0006\000.\0002\0001\000.\0003\000.\0002\000\040\000M\000I\000N\000I\000M\000A\000L\000\137\000S\000I\000Z\000E\000\137\000O\000F\000\137\000I\000D}{subsection.6.21.3}% 266
\BOOKMARK [3][-]{subsubsection.6.21.3.3}{\376\377\0006\000.\0002\0001\000.\0003\000.\0003\000\040\000P\000A\000T\000T\000E\000R\000N\000\137\000I\000D}{subsection.6.21.3}% 267
\BOOKMARK [1][-]{section.6.22}{\376\377\0006\000.\0002\0002\000\040\000t\000e\000s\000t\000.\000T\000o\000w\000n\000T\000e\000s\000t\000\040\000C\000l\000a\000s\000s\000\040\000R\000e\000f\000e\000r\000e\000n\000c\000e}{chapter.6}% 268
\BOOKMARK [2][-]{subsection.6.22.1}{\376\377\0006\000.\0002\0002\000.\0001\000\040\000M\000e\000m\000b\000e\000r\000\040\000F\000u\000n\000c\000t\000i\000o\000n\000\040\000D\000o\000c\000u\000m\000e\000n\000t\000a\000t\000i\000o\000n}{section.6.22}% 269
\BOOKMARK [3][-]{subsubsection.6.22.1.1}{\376\377\0006\000.\0002\0002\000.\0001\000.\0001\000\040\000s\000e\000t\000U\000p\000\050\000\051}{subsection.6.22.1}% 270
\BOOKMARK [3][-]{subsubsection.6.22.1.2}{\376\377\0006\000.\0002\0002\000.\0001\000.\0002\000\040\000t\000e\000s\000t\000F\000o\000r\000m\000a\000t\000K\000e\000y\000\050\000\051}{subsection.6.22.1}% 271
\BOOKMARK [3][-]{subsubsection.6.22.1.3}{\376\377\0006\000.\0002\0002\000.\0001\000.\0003\000\040\000t\000e\000s\000t\000G\000e\000t\000I\000d\000\050\000\051}{subsection.6.22.1}% 272
\BOOKMARK [3][-]{subsubsection.6.22.1.4}{\376\377\0006\000.\0002\0002\000.\0001\000.\0004\000\040\000t\000e\000s\000t\000S\000e\000t\000I\000d\000\050\000\051}{subsection.6.22.1}% 273
\BOOKMARK [3][-]{subsubsection.6.22.1.5}{\376\377\0006\000.\0002\0002\000.\0001\000.\0005\000\040\000t\000e\000s\000t\000T\000o\000w\000n\000\050\000\051}{subsection.6.22.1}% 274
\BOOKMARK [2][-]{subsection.6.22.2}{\376\377\0006\000.\0002\0002\000.\0002\000\040\000M\000e\000m\000b\000e\000r\000\040\000D\000a\000t\000a\000\040\000D\000o\000c\000u\000m\000e\000n\000t\000a\000t\000i\000o\000n}{section.6.22}% 275
\BOOKMARK [3][-]{subsubsection.6.22.2.1}{\376\377\0006\000.\0002\0002\000.\0002\000.\0001\000\040\000t\000o\000w\000n}{subsection.6.22.2}% 276
\BOOKMARK [1][-]{section.6.23}{\376\377\0006\000.\0002\0003\000\040\000t\000r\000a\000n\000s\000l\000a\000t\000e\000.\000T\000r\000a\000n\000s\000l\000a\000t\000e\000\040\000C\000l\000a\000s\000s\000\040\000R\000e\000f\000e\000r\000e\000n\000c\000e}{chapter.6}% 277
\BOOKMARK [2][-]{subsection.6.23.1}{\376\377\0006\000.\0002\0003\000.\0001\000\040\000M\000e\000m\000b\000e\000r\000\040\000D\000a\000t\000a\000\040\000D\000o\000c\000u\000m\000e\000n\000t\000a\000t\000i\000o\000n}{section.6.23}% 278
\BOOKMARK [3][-]{subsubsection.6.23.1.1}{\376\377\0006\000.\0002\0003\000.\0001\000.\0001\000\040\000M\000E\000S\000S\000A\000G\000E}{subsection.6.23.1}% 279
\BOOKMARK [1][-]{section.6.24}{\376\377\0006\000.\0002\0004\000\040\000t\000r\000a\000n\000s\000l\000a\000t\000e\000.\000T\000r\000a\000n\000s\000l\000a\000t\000e\000M\000e\000s\000s\000a\000g\000e\000\040\000I\000n\000t\000e\000r\000f\000a\000c\000e\000\040\000R\000e\000f\000e\000r\000e\000n\000c\000e}{chapter.6}% 280
\BOOKMARK [2][-]{subsection.6.24.1}{\376\377\0006\000.\0002\0004\000.\0001\000\040\000M\000e\000m\000b\000e\000r\000\040\000F\000u\000n\000c\000t\000i\000o\000n\000\040\000D\000o\000c\000u\000m\000e\000n\000t\000a\000t\000i\000o\000n}{section.6.24}% 281
\BOOKMARK [3][-]{subsubsection.6.24.1.1}{\376\377\0006\000.\0002\0004\000.\0001\000.\0001\000\040\000F\000I\000L\000E\000\137\000N\000O\000T\000\137\000F\000O\000U\000N\000D\000\050\000\051}{subsection.6.24.1}% 282
\BOOKMARK [3][-]{subsubsection.6.24.1.2}{\376\377\0006\000.\0002\0004\000.\0001\000.\0002\000\040\000I\000N\000C\000O\000R\000R\000E\000C\000T\000\137\000P\000A\000R\000A\000M\000E\000T\000E\000R\000S\000\050\000\051}{subsection.6.24.1}% 283
\BOOKMARK [3][-]{subsubsection.6.24.1.3}{\376\377\0006\000.\0002\0004\000.\0001\000.\0003\000\040\000P\000R\000O\000P\000E\000R\000T\000Y\000\137\000N\000O\000T\000\137\000F\000O\000U\000N\000D\000\050\000\051}{subsection.6.24.1}% 284
\BOOKMARK [3][-]{subsubsection.6.24.1.4}{\376\377\0006\000.\0002\0004\000.\0001\000.\0004\000\040\000R\000O\000U\000T\000E\000\137\000N\000O\000\137\000A\000V\000A\000I\000L\000A\000B\000L\000E\000\050\000\051}{subsection.6.24.1}% 285
\BOOKMARK [3][-]{subsubsection.6.24.1.5}{\376\377\0006\000.\0002\0004\000.\0001\000.\0005\000\040\000T\000O\000W\000\137\000N\000O\000\137\000E\000X\000I\000S\000T\000\050\000\051}{subsection.6.24.1}% 286
\BOOKMARK [0][-]{chapter.7}{\376\377\0007\000\040\000F\000i\000l\000e\000\040\000D\000o\000c\000u\000m\000e\000n\000t\000a\000t\000i\000o\000n}{}% 287
\BOOKMARK [1][-]{section.7.1}{\376\377\0007\000.\0001\000\040\000D\000:\000/\000w\000o\000r\000k\000s\000p\000a\000c\000e\000/\000T\000r\000a\000i\000n\000V\000a\000g\000a\000s\000/\000s\000r\000c\000/\000c\000o\000n\000t\000r\000o\000l\000l\000e\000r\000/\000R\000a\000i\000l\000S\000y\000s\000t\000e\000m\000.\000j\000a\000v\000a\000\040\000F\000i\000l\000e\000\040\000R\000e\000f\000e\000r\000e\000n\000c\000e}{chapter.7}% 288
\BOOKMARK [2][-]{subsection.7.1.1}{\376\377\0007\000.\0001\000.\0001\000\040\000D\000e\000t\000a\000i\000l\000e\000d\000\040\000D\000e\000s\000c\000r\000i\000p\000t\000i\000o\000n}{section.7.1}% 289
\BOOKMARK [1][-]{section.7.2}{\376\377\0007\000.\0002\000\040\000D\000:\000/\000w\000o\000r\000k\000s\000p\000a\000c\000e\000/\000T\000r\000a\000i\000n\000V\000a\000g\000a\000s\000/\000s\000r\000c\000/\000d\000o\000m\000a\000i\000n\000/\000C\000a\000l\000c\000u\000l\000a\000t\000e\000D\000i\000s\000t\000a\000n\000c\000e\000.\000j\000a\000v\000a\000\040\000F\000i\000l\000e\000\040\000R\000e\000f\000e\000r\000e\000n\000c\000e}{chapter.7}% 290
\BOOKMARK [2][-]{subsection.7.2.1}{\376\377\0007\000.\0002\000.\0001\000\040\000D\000e\000t\000a\000i\000l\000e\000d\000\040\000D\000e\000s\000c\000r\000i\000p\000t\000i\000o\000n}{section.7.2}% 291
\BOOKMARK [1][-]{section.7.3}{\376\377\0007\000.\0003\000\040\000D\000:\000/\000w\000o\000r\000k\000s\000p\000a\000c\000e\000/\000T\000r\000a\000i\000n\000V\000a\000g\000a\000s\000/\000s\000r\000c\000/\000d\000o\000m\000a\000i\000n\000/\000F\000i\000l\000t\000e\000r\000.\000j\000a\000v\000a\000\040\000F\000i\000l\000e\000\040\000R\000e\000f\000e\000r\000e\000n\000c\000e}{chapter.7}% 292
\BOOKMARK [2][-]{subsection.7.3.1}{\376\377\0007\000.\0003\000.\0001\000\040\000D\000e\000t\000a\000i\000l\000e\000d\000\040\000D\000e\000s\000c\000r\000i\000p\000t\000i\000o\000n}{section.7.3}% 293
\BOOKMARK [1][-]{section.7.4}{\376\377\0007\000.\0004\000\040\000D\000:\000/\000w\000o\000r\000k\000s\000p\000a\000c\000e\000/\000T\000r\000a\000i\000n\000V\000a\000g\000a\000s\000/\000s\000r\000c\000/\000d\000o\000m\000a\000i\000n\000/\000G\000r\000a\000p\000h\000.\000j\000a\000v\000a\000\040\000F\000i\000l\000e\000\040\000R\000e\000f\000e\000r\000e\000n\000c\000e}{chapter.7}% 294
\BOOKMARK [2][-]{subsection.7.4.1}{\376\377\0007\000.\0004\000.\0001\000\040\000D\000e\000t\000a\000i\000l\000e\000d\000\040\000D\000e\000s\000c\000r\000i\000p\000t\000i\000o\000n}{section.7.4}% 295
\BOOKMARK [1][-]{section.7.5}{\376\377\0007\000.\0005\000\040\000D\000:\000/\000w\000o\000r\000k\000s\000p\000a\000c\000e\000/\000T\000r\000a\000i\000n\000V\000a\000g\000a\000s\000/\000s\000r\000c\000/\000d\000o\000m\000a\000i\000n\000/\000R\000o\000u\000t\000e\000.\000j\000a\000v\000a\000\040\000F\000i\000l\000e\000\040\000R\000e\000f\000e\000r\000e\000n\000c\000e}{chapter.7}% 296
\BOOKMARK [2][-]{subsection.7.5.1}{\376\377\0007\000.\0005\000.\0001\000\040\000D\000e\000t\000a\000i\000l\000e\000d\000\040\000D\000e\000s\000c\000r\000i\000p\000t\000i\000o\000n}{section.7.5}% 297
\BOOKMARK [1][-]{section.7.6}{\376\377\0007\000.\0006\000\040\000D\000:\000/\000w\000o\000r\000k\000s\000p\000a\000c\000e\000/\000T\000r\000a\000i\000n\000V\000a\000g\000a\000s\000/\000s\000r\000c\000/\000d\000o\000m\000a\000i\000n\000/\000S\000h\000o\000r\000t\000e\000s\000t\000R\000o\000u\000t\000e\000.\000j\000a\000v\000a\000\040\000F\000i\000l\000e\000\040\000R\000e\000f\000e\000r\000e\000n\000c\000e}{chapter.7}% 298
\BOOKMARK [2][-]{subsection.7.6.1}{\376\377\0007\000.\0006\000.\0001\000\040\000D\000e\000t\000a\000i\000l\000e\000d\000\040\000D\000e\000s\000c\000r\000i\000p\000t\000i\000o\000n}{section.7.6}% 299
\BOOKMARK [1][-]{section.7.7}{\376\377\0007\000.\0007\000\040\000D\000:\000/\000w\000o\000r\000k\000s\000p\000a\000c\000e\000/\000T\000r\000a\000i\000n\000V\000a\000g\000a\000s\000/\000s\000r\000c\000/\000d\000o\000m\000a\000i\000n\000/\000T\000o\000w\000n\000.\000j\000a\000v\000a\000\040\000F\000i\000l\000e\000\040\000R\000e\000f\000e\000r\000e\000n\000c\000e}{chapter.7}% 300
\BOOKMARK [2][-]{subsection.7.7.1}{\376\377\0007\000.\0007\000.\0001\000\040\000D\000e\000t\000a\000i\000l\000e\000d\000\040\000D\000e\000s\000c\000r\000i\000p\000t\000i\000o\000n}{section.7.7}% 301
\BOOKMARK [1][-]{section.7.8}{\376\377\0007\000.\0008\000\040\000D\000:\000/\000w\000o\000r\000k\000s\000p\000a\000c\000e\000/\000T\000r\000a\000i\000n\000V\000a\000g\000a\000s\000/\000s\000r\000c\000/\000f\000r\000o\000n\000t\000e\000n\000d\000/\000D\000i\000s\000p\000l\000a\000y\000.\000j\000a\000v\000a\000\040\000F\000i\000l\000e\000\040\000R\000e\000f\000e\000r\000e\000n\000c\000e}{chapter.7}% 302
\BOOKMARK [2][-]{subsection.7.8.1}{\376\377\0007\000.\0008\000.\0001\000\040\000D\000e\000t\000a\000i\000l\000e\000d\000\040\000D\000e\000s\000c\000r\000i\000p\000t\000i\000o\000n}{section.7.8}% 303
\BOOKMARK [1][-]{section.7.9}{\376\377\0007\000.\0009\000\040\000D\000:\000/\000w\000o\000r\000k\000s\000p\000a\000c\000e\000/\000T\000r\000a\000i\000n\000V\000a\000g\000a\000s\000/\000s\000r\000c\000/\000s\000o\000f\000t\000w\000a\000r\000e\000/\000m\000a\000i\000n\000.\000j\000a\000v\000a\000\040\000F\000i\000l\000e\000\040\000R\000e\000f\000e\000r\000e\000n\000c\000e}{chapter.7}% 304
\BOOKMARK [2][-]{subsection.7.9.1}{\376\377\0007\000.\0009\000.\0001\000\040\000D\000e\000t\000a\000i\000l\000e\000d\000\040\000D\000e\000s\000c\000r\000i\000p\000t\000i\000o\000n}{section.7.9}% 305
\BOOKMARK [1][-]{section.7.10}{\376\377\0007\000.\0001\0000\000\040\000D\000:\000/\000w\000o\000r\000k\000s\000p\000a\000c\000e\000/\000T\000r\000a\000i\000n\000V\000a\000g\000a\000s\000/\000s\000r\000c\000/\000t\000e\000s\000t\000/\000C\000a\000l\000c\000u\000l\000a\000t\000e\000D\000i\000s\000t\000a\000n\000c\000e\000T\000e\000s\000t\000.\000j\000a\000v\000a\000\040\000F\000i\000l\000e\000\040\000R\000e\000f\000e\000r\000e\000n\000c\000e}{chapter.7}% 306
\BOOKMARK [1][-]{section.7.11}{\376\377\0007\000.\0001\0001\000\040\000D\000:\000/\000w\000o\000r\000k\000s\000p\000a\000c\000e\000/\000T\000r\000a\000i\000n\000V\000a\000g\000a\000s\000/\000s\000r\000c\000/\000t\000e\000s\000t\000/\000D\000a\000t\000a\000F\000i\000l\000e\000T\000e\000s\000t\000.\000j\000a\000v\000a\000\040\000F\000i\000l\000e\000\040\000R\000e\000f\000e\000r\000e\000n\000c\000e}{chapter.7}% 307
\BOOKMARK [1][-]{section.7.12}{\376\377\0007\000.\0001\0002\000\040\000D\000:\000/\000w\000o\000r\000k\000s\000p\000a\000c\000e\000/\000T\000r\000a\000i\000n\000V\000a\000g\000a\000s\000/\000s\000r\000c\000/\000t\000e\000s\000t\000/\000F\000i\000l\000t\000e\000r\000T\000e\000s\000t\000.\000j\000a\000v\000a\000\040\000F\000i\000l\000e\000\040\000R\000e\000f\000e\000r\000e\000n\000c\000e}{chapter.7}% 308
\BOOKMARK [1][-]{section.7.13}{\376\377\0007\000.\0001\0003\000\040\000D\000:\000/\000w\000o\000r\000k\000s\000p\000a\000c\000e\000/\000T\000r\000a\000i\000n\000V\000a\000g\000a\000s\000/\000s\000r\000c\000/\000t\000e\000s\000t\000/\000G\000r\000a\000p\000h\000T\000e\000s\000t\000.\000j\000a\000v\000a\000\040\000F\000i\000l\000e\000\040\000R\000e\000f\000e\000r\000e\000n\000c\000e}{chapter.7}% 309
\BOOKMARK [1][-]{section.7.14}{\376\377\0007\000.\0001\0004\000\040\000D\000:\000/\000w\000o\000r\000k\000s\000p\000a\000c\000e\000/\000T\000r\000a\000i\000n\000V\000a\000g\000a\000s\000/\000s\000r\000c\000/\000t\000e\000s\000t\000/\000P\000e\000r\000m\000u\000t\000a\000t\000i\000o\000n\000T\000e\000s\000t\000.\000j\000a\000v\000a\000\040\000F\000i\000l\000e\000\040\000R\000e\000f\000e\000r\000e\000n\000c\000e}{chapter.7}% 310
\BOOKMARK [1][-]{section.7.15}{\376\377\0007\000.\0001\0005\000\040\000D\000:\000/\000w\000o\000r\000k\000s\000p\000a\000c\000e\000/\000T\000r\000a\000i\000n\000V\000a\000g\000a\000s\000/\000s\000r\000c\000/\000t\000e\000s\000t\000/\000R\000a\000i\000l\000S\000y\000s\000t\000e\000m\000T\000e\000s\000t\000.\000j\000a\000v\000a\000\040\000F\000i\000l\000e\000\040\000R\000e\000f\000e\000r\000e\000n\000c\000e}{chapter.7}% 311
\BOOKMARK [1][-]{section.7.16}{\376\377\0007\000.\0001\0006\000\040\000D\000:\000/\000w\000o\000r\000k\000s\000p\000a\000c\000e\000/\000T\000r\000a\000i\000n\000V\000a\000g\000a\000s\000/\000s\000r\000c\000/\000t\000e\000s\000t\000/\000R\000o\000u\000t\000e\000T\000e\000s\000t\000.\000j\000a\000v\000a\000\040\000F\000i\000l\000e\000\040\000R\000e\000f\000e\000r\000e\000n\000c\000e}{chapter.7}% 312
\BOOKMARK [1][-]{section.7.17}{\376\377\0007\000.\0001\0007\000\040\000D\000:\000/\000w\000o\000r\000k\000s\000p\000a\000c\000e\000/\000T\000r\000a\000i\000n\000V\000a\000g\000a\000s\000/\000s\000r\000c\000/\000t\000e\000s\000t\000/\000S\000h\000o\000r\000t\000e\000s\000t\000R\000o\000u\000t\000e\000T\000e\000s\000t\000.\000j\000a\000v\000a\000\040\000F\000i\000l\000e\000\040\000R\000e\000f\000e\000r\000e\000n\000c\000e}{chapter.7}% 313
\BOOKMARK [1][-]{section.7.18}{\376\377\0007\000.\0001\0008\000\040\000D\000:\000/\000w\000o\000r\000k\000s\000p\000a\000c\000e\000/\000T\000r\000a\000i\000n\000V\000a\000g\000a\000s\000/\000s\000r\000c\000/\000t\000e\000s\000t\000/\000T\000o\000w\000n\000T\000e\000s\000t\000.\000j\000a\000v\000a\000\040\000F\000i\000l\000e\000\040\000R\000e\000f\000e\000r\000e\000n\000c\000e}{chapter.7}% 314
\BOOKMARK [1][-]{section.7.19}{\376\377\0007\000.\0001\0009\000\040\000D\000:\000/\000w\000o\000r\000k\000s\000p\000a\000c\000e\000/\000T\000r\000a\000i\000n\000V\000a\000g\000a\000s\000/\000s\000r\000c\000/\000t\000r\000a\000n\000s\000l\000a\000t\000e\000/\000P\000t\000B\000R\000.\000j\000a\000v\000a\000\040\000F\000i\000l\000e\000\040\000R\000e\000f\000e\000r\000e\000n\000c\000e}{chapter.7}% 315
\BOOKMARK [2][-]{subsection.7.19.1}{\376\377\0007\000.\0001\0009\000.\0001\000\040\000D\000e\000t\000a\000i\000l\000e\000d\000\040\000D\000e\000s\000c\000r\000i\000p\000t\000i\000o\000n}{section.7.19}% 316
\BOOKMARK [1][-]{section.7.20}{\376\377\0007\000.\0002\0000\000\040\000D\000:\000/\000w\000o\000r\000k\000s\000p\000a\000c\000e\000/\000T\000r\000a\000i\000n\000V\000a\000g\000a\000s\000/\000s\000r\000c\000/\000t\000r\000a\000n\000s\000l\000a\000t\000e\000/\000T\000r\000a\000n\000s\000l\000a\000t\000e\000.\000j\000a\000v\000a\000\040\000F\000i\000l\000e\000\040\000R\000e\000f\000e\000r\000e\000n\000c\000e}{chapter.7}% 317
\BOOKMARK [1][-]{section.7.21}{\376\377\0007\000.\0002\0001\000\040\000D\000:\000/\000w\000o\000r\000k\000s\000p\000a\000c\000e\000/\000T\000r\000a\000i\000n\000V\000a\000g\000a\000s\000/\000s\000r\000c\000/\000t\000r\000a\000n\000s\000l\000a\000t\000e\000/\000T\000r\000a\000n\000s\000l\000a\000t\000e\000M\000e\000s\000s\000a\000g\000e\000.\000j\000a\000v\000a\000\040\000F\000i\000l\000e\000\040\000R\000e\000f\000e\000r\000e\000n\000c\000e}{chapter.7}% 318
\BOOKMARK [2][-]{subsection.7.21.1}{\376\377\0007\000.\0002\0001\000.\0001\000\040\000D\000e\000t\000a\000i\000l\000e\000d\000\040\000D\000e\000s\000c\000r\000i\000p\000t\000i\000o\000n}{section.7.21}% 319
\BOOKMARK [1][-]{section.7.22}{\376\377\0007\000.\0002\0002\000\040\000D\000:\000/\000w\000o\000r\000k\000s\000p\000a\000c\000e\000/\000T\000r\000a\000i\000n\000V\000a\000g\000a\000s\000/\000s\000r\000c\000/\000u\000t\000i\000l\000i\000t\000i\000e\000s\000/\000D\000a\000t\000a\000F\000i\000l\000e\000.\000j\000a\000v\000a\000\040\000F\000i\000l\000e\000\040\000R\000e\000f\000e\000r\000e\000n\000c\000e}{chapter.7}% 320
\BOOKMARK [1][-]{section.7.23}{\376\377\0007\000.\0002\0003\000\040\000D\000:\000/\000w\000o\000r\000k\000s\000p\000a\000c\000e\000/\000T\000r\000a\000i\000n\000V\000a\000g\000a\000s\000/\000s\000r\000c\000/\000u\000t\000i\000l\000i\000t\000i\000e\000s\000/\000F\000i\000l\000e\000P\000r\000o\000p\000e\000r\000t\000y\000.\000j\000a\000v\000a\000\040\000F\000i\000l\000e\000\040\000R\000e\000f\000e\000r\000e\000n\000c\000e}{chapter.7}% 321
\BOOKMARK [1][-]{section.7.24}{\376\377\0007\000.\0002\0004\000\040\000D\000:\000/\000w\000o\000r\000k\000s\000p\000a\000c\000e\000/\000T\000r\000a\000i\000n\000V\000a\000g\000a\000s\000/\000s\000r\000c\000/\000u\000t\000i\000l\000i\000t\000i\000e\000s\000/\000P\000e\000r\000m\000u\000t\000a\000t\000i\000o\000n\000.\000j\000a\000v\000a\000\040\000F\000i\000l\000e\000\040\000R\000e\000f\000e\000r\000e\000n\000c\000e}{chapter.7}% 322
\BOOKMARK [0][-]{section*.294}{\376\377\000I\000n\000d\000e\000x}{}% 323
